zdi-1: ZDI_STAT=ZhAMI
zdi-1: ZDI_STAT=ZhAMI
zdi-1: ZDI_STAT=ZhAMI
zdi-1: ZDI_STAT=ZhAMI
zdi-1: ZDI_STAT=ZhAMI
zdi-1: ZDI_STAT=ZhAMI
zdi-1: ZDI_STAT=ZhAMI
zdi-1: ZDI_STAT=ZhAMI
zdi-1: ZDI_STAT=ZhAMI
zdi-1: ZDI_STAT=ZhAMI
zdi-1: ZDI_STAT=ZhAMI
zdi-1: ZDI_STAT=ZhAMI
zdi-1: ZDI_STAT=ZhAMI
zdi-1: ZDI_STAT=ZhAMI
zdi-1: ZDI_STAT=ZhAMI
zdi-1: ZDI_STAT=ZhAMI
zdi-1: ZDI_STAT=ZhAMI
zdi-1: ZDI_STAT=ZhAMI
zdi-1: ZDI_STAT=ZhAMI
zdi-1: ZDI_STAT=ZhAMI
zdi-1: ZDI_STAT=ZhAMI
zdi-1: ZDI_STAT=ZhAMI
zdi-1: ZDI_STAT=ZhAMI
zdi-1: ZDI_STAT=ZhAMI
zdi-1: ZDI_STAT=ZhAMI
zdi-1: ZDI_STAT=ZhAMI
zdi-1: ZDI_STAT=ZhAMI
zdi-1: ZDI_STAT=ZhAMI
zdi-1: ZDI_STAT=ZhAMI
zdi-1: ZDI_STAT=ZhAMI
zdi-1: ZDI_STAT=ZhAMI
zdi-1: ZDI_STAT=ZhAMI
zdi-1: ZDI_STAT=ZhAMI
zdi-1: ZDI_STAT=ZhAMI
zdi-1: ZDI_STAT=ZhAMI
zdi-1: ZDI_STAT=ZhAMI
zdi-1: ZDI_STAT=ZhAMI
zdi-1: ZDI_STAT=ZhAMI
zdi-1: ZDI_STAT=ZhAMI
zdi-1: ZDI_STAT=ZhAMI
zdi-1: ZDI_STAT=ZhAMI
zdi-1: ZDI_STAT=ZhAMI
zdi-1: ZDI_STAT=ZhAMI
zdi-1: ZDI_STAT=ZhAMI
zdi-1: ZDI_STAT=ZhAMI
zdi-1: ZDI_STAT=ZhAMI
zdi-1: ZDI_STAT=ZhAMI
zdi-1: ZDI_STAT=ZhAMI
zdi-1: ZDI_STAT=ZhAMI
zdi-1: ZDI_STAT=ZhAMI
zdi-1: ZDI_STAT=ZhAMI
zdi-1: ZDI_STAT=ZhAMI
zdi-1: ZDI_STAT=ZhAMI
zdi-1: ZDI_STAT=ZhAMI
zdi-1: ZDI_STAT=ZhAMI
zdi-1: ZDI_STAT=ZhAMI
zdi-1: ZDI_STAT=ZhAMI
zdi-1: ZDI_STAT=ZhAMI
zdi-1: ZDI_STAT=ZhAMI
zdi-1: ZDI_STAT=ZhAMI
zdi-1: ZDI_STAT=ZhAMI
zdi-1: ZDI_STAT=ZhAMI
zdi-1: ZDI_STAT=ZhAMI
zdi-1: ZDI_STAT=ZhAMI
zdi-1: ZDI_STAT=ZhAMI
zdi-1: ZDI_STAT=ZhAMI
zdi-1: ZDI_STAT=ZhAMI
zdi-1: ZDI_STAT=ZhAMI
zdi-1: ZDI_STAT=ZhAMI
zdi-1: ZDI_STAT=ZhAMI
zdi-1: ZDI_STAT=ZhAMI
zdi-1: ZDI_STAT=ZhAMI
zdi-1: ZDI_STAT=ZhAMI
zdi-1: ZDI_STAT=ZhAMI
zdi-1: ZDI_STAT=ZhAMI
zdi-1: ZDI_STAT=ZhAMI
zdi-1: ZDI_STAT=ZhAMI
zdi-1: ZDI_RW_CTL:Set ADL
zdi-1: ZDI_RW_CTL:Read PC
zdi-1: ZDI_RD_L=0x2e
zdi-1: ZDI_RD_H=0x97
zdi-1: ZDI_RD_U=0x0
zdi-1: ZDI_RW_CTL:Set ADL
zdi-1: ZDI_BRK_CTL=B1B0S
zdi-1: ZDI_STAT=zhAMI
zdi-1: ZDI_STAT=zhAMI
zdi-1: ZDI_STAT=zhAMI
zdi-1: ZDI_STAT=zhAMI
zdi-1: ZDI_STAT=zhAMI
zdi-1: ZDI_STAT=zhAMI
zdi-1: ZDI_STAT=zhAMI
zdi-1: ZDI_STAT=zhAMI
zdi-1: ZDI_STAT=zhAMI
zdi-1: ZDI_STAT=zhAMI
zdi-1: ZDI_STAT=zhAMI
zdi-1: ZDI_STAT=zhAMI
zdi-1: ZDI_STAT=zhAMI
zdi-1: ZDI_STAT=zhAMI
zdi-1: ZDI_STAT=zhAMI
zdi-1: ZDI_STAT=zhAMI
zdi-1: ZDI_STAT=zhAMI
zdi-1: ZDI_STAT=zhAMI
zdi-1: ZDI_STAT=zhAMI
zdi-1: ZDI_STAT=zhAMI
zdi-1: ZDI_STAT=zhAMI
zdi-1: ZDI_STAT=zhAMI
zdi-1: ZDI_STAT=zhAMI
zdi-1: ZDI_STAT=zhAMI
zdi-1: ZDI_STAT=zhAMI
zdi-1: ZDI_STAT=zhAMI
zdi-1: ZDI_STAT=zhAMI
zdi-1: ZDI_STAT=zhAMI
zdi-1: ZDI_STAT=zhAMI
zdi-1: ZDI_STAT=zhAMI
zdi-1: ZDI_STAT=zhAMI
zdi-1: ZDI_STAT=zhAMI
zdi-1: ZDI_STAT=zhAMI
zdi-1: ZDI_STAT=zhAMI
zdi-1: ZDI_STAT=zhAMI
zdi-1: ZDI_STAT=zhAMI
zdi-1: ZDI_STAT=zhAMI
zdi-1: ZDI_STAT=zhAMI
zdi-1: ZDI_STAT=zhAMI
zdi-1: ZDI_STAT=zhAMI
zdi-1: ZDI_STAT=zhAMI
zdi-1: ZDI_STAT=zhAMI
zdi-1: ZDI_STAT=zhAMI
zdi-1: ZDI_STAT=zhAMI
zdi-1: ZDI_STAT=zhAMI
zdi-1: ZDI_STAT=zhAMI
zdi-1: ZDI_STAT=zhAMI
zdi-1: ZDI_STAT=zhAMI
zdi-1: ZDI_STAT=zhAMI
zdi-1: ZDI_STAT=zhAMI
zdi-1: ZDI_STAT=zhAMI
zdi-1: ZDI_STAT=zhAMI
zdi-1: ZDI_STAT=zhAMI
zdi-1: ZDI_STAT=zhAMI
zdi-1: ZDI_STAT=zhAMI
zdi-1: ZDI_STAT=zhAMI
zdi-1: ZDI_STAT=zhAMI
zdi-1: ZDI_STAT=zhAMI
zdi-1: ZDI_STAT=zhAMI
zdi-1: ZDI_STAT=zhAMI
zdi-1: ZDI_STAT=zhAMI
zdi-1: ZDI_STAT=zhAMI
zdi-1: ZDI_STAT=zhAMI
zdi-1: ZDI_STAT=zhAMI
zdi-1: ZDI_STAT=zhAMI
zdi-1: ZDI_STAT=zhAMI
zdi-1: ZDI_STAT=zhAMI
zdi-1: ZDI_STAT=zhAMI
zdi-1: ZDI_STAT=zhAMI
zdi-1: ZDI_STAT=zhAMI
zdi-1: ZDI_STAT=zhAMI
zdi-1: ZDI_STAT=zhAMI
