zdi-1: ZDI_STAT=ZhAMI
zdi-1: ZDI_STAT=ZhAMI
zdi-1: ZDI_STAT=ZhAMI
zdi-1: ZDI_STAT=ZhAMI
zdi-1: ZDI_STAT=ZhAMI
zdi-1: ZDI_STAT=ZhAMI
zdi-1: ZDI_STAT=ZhAMI
zdi-1: ZDI_STAT=ZhAMI
zdi-1: ZDI_STAT=ZhAMI
zdi-1: ZDI_STAT=ZhAMI
zdi-1: ZDI_STAT=ZhAMI
zdi-1: ZDI_STAT=ZhAMI
zdi-1: ZDI_STAT=ZhAMI
zdi-1: ZDI_STAT=ZhAMI
zdi-1: ZDI_STAT=ZhAMI
zdi-1: ZDI_STAT=ZhAMI
zdi-1: ZDI_STAT=ZhAMI
zdi-1: ZDI_STAT=ZhAMI
zdi-1: ZDI_STAT=ZhAMI
zdi-1: ZDI_STAT=ZhAMI
zdi-1: ZDI_STAT=ZhAMI
zdi-1: ZDI_STAT=ZhAMI
zdi-1: ZDI_STAT=ZhAMI
zdi-1: ZDI_STAT=ZhAMI
zdi-1: ZDI_STAT=ZhAMI
zdi-1: ZDI_STAT=ZhAMI
zdi-1: ZDI_STAT=ZhAMI
zdi-1: ZDI_STAT=ZhAMI
zdi-1: ZDI_STAT=ZhAMI
zdi-1: ZDI_STAT=ZhAMI
zdi-1: ZDI_STAT=ZhAMI
zdi-1: ZDI_STAT=ZhAMI
zdi-1: ZDI_STAT=ZhAMI
zdi-1: ZDI_STAT=ZhAMI
zdi-1: ZDI_STAT=ZhAMI
zdi-1: ZDI_STAT=ZhAMI
zdi-1: ZDI_STAT=ZhAMI
zdi-1: ZDI_STAT=ZhAMI
zdi-1: ZDI_STAT=ZhAMI
zdi-1: ZDI_STAT=ZhAMI
zdi-1: ZDI_STAT=ZhAMI
zdi-1: ZDI_STAT=ZhAMI
zdi-1: ZDI_STAT=ZhAMI
zdi-1: ZDI_STAT=ZhAMI
zdi-1: ZDI_STAT=ZhAMI
zdi-1: ZDI_STAT=ZhAMI
zdi-1: ZDI_STAT=ZhAMI
zdi-1: ZDI_STAT=ZhAMI
zdi-1: ZDI_STAT=ZhAMI
zdi-1: ZDI_STAT=ZhAMI
zdi-1: ZDI_STAT=ZhAMI
zdi-1: ZDI_STAT=ZhAMI
zdi-1: ZDI_STAT=ZhAMI
zdi-1: ZDI_STAT=ZhAMI
zdi-1: ZDI_STAT=ZhAMI
zdi-1: ZDI_STAT=ZhAMI
zdi-1: ZDI_BRK_CTL=BNS
zdi-1: ZDI_BRK_CTL=BNB1
zdi-1: ZDI_STAT=ZhAMI
zdi-1: ZDI_RW_CTL:Set ADL
zdi-1: ZDI_RW_CTL:Read PC
zdi-1: ZDI_RD_L=0xa1
zdi-1: ZDI_RD_H=0x9b
zdi-1: ZDI_RD_U=0x0
zdi-1: ZDI_RW_CTL:Set ADL
zdi-1: ZDI_STAT=ZhAMI
zdi-1: ZDI_RW_CTL:Set ADL
zdi-1: ZDI_RW_CTL:Read PC
zdi-1: ZDI_RD_L=0xa1
zdi-1: ZDI_RD_H=0x9b
zdi-1: ZDI_RD_U=0x0
zdi-1: ZDI_RW_CTL:Set ADL
zdi-1: ZDI_STAT=ZhAMI
zdi-1: ZDI_RW_CTL:Set ADL
zdi-1: ZDI_RW_CTL:Read PC
zdi-1: ZDI_RD_L=0xa1
zdi-1: ZDI_RD_H=0x9b
zdi-1: ZDI_RD_U=0x0
zdi-1: ZDI_RW_CTL:Set ADL
zdi-1: ZDI_STAT=ZhAMI
zdi-1: ZDI_RW_CTL:Set ADL
zdi-1: ZDI_RW_CTL:Read IX
zdi-1: ZDI_RD_L=0xf7
zdi-1: ZDI_RD_H=0xff
zdi-1: ZDI_RD_U=0xb
zdi-1: ZDI_RW_CTL:Set ADL
zdi-1: ZDI_STAT=ZhAMI
zdi-1: ZDI_RW_CTL:Read PC
zdi-1: ZDI_RD_L=0xa1
zdi-1: ZDI_RD_H=0x9b
zdi-1: ZDI_RD_U=0x0
zdi-1: ZDI_STAT=ZhAMI
zdi-1: ZDI_RW_CTL:Set ADL
zdi-1: ZDI_WR_U=0x0
zdi-1: ZDI_WR_H=0x9b
zdi-1: ZDI_WR_L=0xa0
zdi-1: ZDI_RW_CTL:Write PC=0x9ba0
zdi-1: ZDI_RD_MEM=0xa1
zdi-1: ZDI_RD_MEM=0xbb
zdi-1: ZDI_RD_MEM=0xcb
zdi-1: ZDI_RD_MEM=0xbb
zdi-1: ZDI_RD_MEM=0x43
zdi-1: ZDI_RD_MEM=0x0
zdi-1: ZDI_RD_MEM=0x0
zdi-1: ZDI_RD_MEM=0x0
zdi-1: ZDI_RD_MEM=0xbb
zdi-1: ZDI_RD_MEM=0x73
zdi-1: ZDI_RD_MEM=0xdb
zdi-1: ZDI_RD_MEM=0x44
zdi-1: ZDI_RD_MEM=0xe0
zdi-1: ZDI_RD_MEM=0xf3
zdi-1: ZDI_RD_MEM=0xbb
zdi-1: ZDI_RD_MEM=0x6c
zdi-1: ZDI_RD_MEM=0xff
zdi-1: ZDI_RD_MEM=0x0
zdi-1: ZDI_RD_MEM=0xbb
zdi-1: ZDI_RD_MEM=0xf
zdi-1: ZDI_RD_MEM=0xc
zdi-1: ZDI_RD_MEM=0xbb
zdi-1: ZDI_RD_MEM=0x1f
zdi-1: ZDI_RD_MEM=0xf0
zdi-1: ZDI_RD_MEM=0xbb
zdi-1: ZDI_RD_MEM=0x6c
zdi-1: ZDI_RD_MEM=0xf7
zdi-1: ZDI_RD_MEM=0x0
zdi-1: ZDI_RD_MEM=0x74
zdi-1: ZDI_RD_MEM=0x78
zdi-1: ZDI_RD_MEM=0xf
zdi-1: ZDI_RD_MEM=0x8
zdi-1: ZDI_RD_MEM=0x6f
zdi-1: ZDI_RD_MEM=0x50
zdi-1: ZDI_RD_MEM=0xf7
zdi-1: ZDI_RD_MEM=0x74
zdi-1: ZDI_RD_MEM=0x71
zdi-1: ZDI_RD_MEM=0xf
zdi-1: ZDI_RD_MEM=0x8
zdi-1: ZDI_RD_MEM=0xcc
zdi-1: ZDI_RD_MEM=0x3
zdi-1: ZDI_RD_MEM=0x40
zdi-1: ZDI_RD_MEM=0x13
zdi-1: ZDI_RD_MEM=0x74
zdi-1: ZDI_RD_MEM=0x78
zdi-1: ZDI_RD_MEM=0xf
zdi-1: ZDI_RD_MEM=0x8
zdi-1: ZDI_RD_MEM=0x6f
zdi-1: ZDI_RD_MEM=0xe4
zdi-1: ZDI_RD_MEM=0xbb
zdi-1: ZDI_RD_MEM=0x37
zdi-1: ZDI_RD_MEM=0x0
zdi-1: ZDI_RD_MEM=0x3
zdi-1: ZDI_RD_MEM=0x3
zdi-1: ZDI_RD_MEM=0x0
zdi-1: ZDI_RD_MEM=0x0
zdi-1: ZDI_RD_MEM=0xbb
zdi-1: ZDI_RD_MEM=0x1f
zdi-1: ZDI_RD_MEM=0xe7
zdi-1: ZDI_RD_MEM=0x30
zdi-1: ZDI_RD_MEM=0xf
zdi-1: ZDI_RD_MEM=0x3
zdi-1: ZDI_RD_MEM=0x0
zdi-1: ZDI_RD_MEM=0x0
zdi-1: ZDI_RD_MEM=0x0
zdi-1: ZDI_RD_MEM=0xbb
zdi-1: ZDI_RD_MEM=0x1f
zdi-1: ZDI_RD_MEM=0xe7
zdi-1: ZDI_RD_MEM=0xbb
zdi-1: ZDI_RD_MEM=0xfc
zdi-1: ZDI_RD_MEM=0xe7
zdi-1: ZDI_RD_MEM=0xbb
zdi-1: ZDI_RD_MEM=0xef
zdi-1: ZDI_RD_MEM=0xf7
zdi-1: ZDI_RD_MEM=0xbb
zdi-1: ZDI_RD_MEM=0xfd
zdi-1: ZDI_RD_MEM=0xf7
zdi-1: ZDI_RD_MEM=0x6f
zdi-1: ZDI_RD_MEM=0x40
zdi-1: ZDI_RD_MEM=0x9d
zdi-1: ZDI_RD_MEM=0xbb
zdi-1: ZDI_RD_MEM=0xf
zdi-1: ZDI_RD_MEM=0xf0
zdi-1: ZDI_RD_MEM=0x8b
zdi-1: ZDI_RD_MEM=0x9b
zdi-1: ZDI_RD_MEM=0x34
zdi-1: ZDI_RD_MEM=0x3c
zdi-1: ZDI_RD_MEM=0x0
zdi-1: ZDI_RD_MEM=0x83
zdi-1: ZDI_RD_MEM=0xbb
zdi-1: ZDI_RD_MEM=0xeb
zdi-1: ZDI_RD_MEM=0xfc
zdi-1: ZDI_RD_MEM=0x74
zdi-1: ZDI_RD_MEM=0x70
zdi-1: ZDI_RD_MEM=0xf
zdi-1: ZDI_RD_MEM=0x8
zdi-1: ZDI_RD_MEM=0xcd
zdi-1: ZDI_RD_MEM=0x20
zdi-1: ZDI_RD_MEM=0x50
zdi-1: ZDI_RD_MEM=0x24
zdi-1: ZDI_RD_MEM=0x74
zdi-1: ZDI_RD_MEM=0x7b
zdi-1: ZDI_RD_MEM=0xf
zdi-1: ZDI_RD_MEM=0x8
zdi-1: ZDI_RD_MEM=0xbb
zdi-1: ZDI_RD_MEM=0x7d
zdi-1: ZDI_RD_MEM=0xfc
zdi-1: ZDI_RD_MEM=0xe4
zdi-1: ZDI_RD_MEM=0x2c
zdi-1: ZDI_RD_MEM=0x39
zdi-1: ZDI_RD_MEM=0x0
zdi-1: ZDI_RD_MEM=0x74
zdi-1: ZDI_RD_MEM=0x7b
zdi-1: ZDI_RD_MEM=0xf
zdi-1: ZDI_RD_MEM=0x8
zdi-1: ZDI_RD_MEM=0xbb
zdi-1: ZDI_RD_MEM=0xef
zdi-1: ZDI_RD_MEM=0xfc
zdi-1: ZDI_RD_MEM=0x74
zdi-1: ZDI_RD_MEM=0x78
zdi-1: ZDI_RD_MEM=0xf
zdi-1: ZDI_RD_MEM=0x8
zdi-1: ZDI_RD_MEM=0xbb
zdi-1: ZDI_RD_MEM=0x2c
zdi-1: ZDI_RD_MEM=0xfc
zdi-1: ZDI_RD_MEM=0xbb
zdi-1: ZDI_RD_MEM=0xef
zdi-1: ZDI_RD_MEM=0xfc
zdi-1: ZDI_RD_MEM=0x5f
zdi-1: ZDI_RD_MEM=0xbb
zdi-1: ZDI_RD_MEM=0x7c
zdi-1: ZDI_RD_MEM=0xfc
zdi-1: ZDI_RD_MEM=0x9b
zdi-1: ZDI_RD_MEM=0x58
zdi-1: ZDI_RD_MEM=0x37
zdi-1: ZDI_RD_MEM=0x0
zdi-1: ZDI_RD_MEM=0xe4
zdi-1: ZDI_RD_MEM=0x7c
zdi-1: ZDI_RD_MEM=0x38
zdi-1: ZDI_RD_MEM=0x1
zdi-1: ZDI_RD_MEM=0x3
zdi-1: ZDI_RD_MEM=0x40
zdi-1: ZDI_RD_MEM=0x0
zdi-1: ZDI_RD_MEM=0x0
zdi-1: ZDI_RD_MEM=0x8b
zdi-1: ZDI_RD_MEM=0x9b
zdi-1: ZDI_RD_MEM=0x5b
zdi-1: ZDI_RD_MEM=0x4c
zdi-1: ZDI_RD_MEM=0x0
zdi-1: ZDI_RD_MEM=0x83
zdi-1: ZDI_RD_MEM=0xbb
zdi-1: ZDI_RD_MEM=0x68
zdi-1: ZDI_RD_MEM=0xff
zdi-1: ZDI_RD_MEM=0xbb
zdi-1: ZDI_RD_MEM=0x6b
zdi-1: ZDI_RD_MEM=0xfc
zdi-1: ZDI_RD_MEM=0x30
zdi-1: ZDI_RD_MEM=0xc4
zdi-1: ZDI_RD_MEM=0x74
zdi-1: ZDI_RD_MEM=0x70
zdi-1: ZDI_RD_MEM=0xf
zdi-1: ZDI_RD_MEM=0x8
zdi-1: ZDI_RD_MEM=0xcc
zdi-1: ZDI_RD_MEM=0x20
zdi-1: ZDI_RD_MEM=0x40
zdi-1: ZDI_RD_MEM=0x14
zdi-1: ZDI_RD_MEM=0xbb
zdi-1: ZDI_RD_MEM=0x6c
zdi-1: ZDI_RD_MEM=0xec
zdi-1: ZDI_RD_MEM=0xff
zdi-1: ZDI_RD_MEM=0xbb
zdi-1: ZDI_RD_MEM=0x6c
zdi-1: ZDI_RD_MEM=0xef
zdi-1: ZDI_RD_MEM=0xff
zdi-1: ZDI_RD_MEM=0x30
zdi-1: ZDI_RD_MEM=0x4b
zdi-1: ZDI_RD_MEM=0x74
zdi-1: ZDI_RD_MEM=0x7b
zdi-1: ZDI_RD_MEM=0xf
zdi-1: ZDI_RD_MEM=0x8
zdi-1: ZDI_RD_MEM=0x8f
zdi-1: ZDI_RD_MEM=0x2f
zdi-1: ZDI_RD_MEM=0xdb
zdi-1: ZDI_RD_MEM=0xc4
zdi-1: ZDI_RD_MEM=0xbb
zdi-1: ZDI_RD_MEM=0xe0
zdi-1: ZDI_RD_MEM=0xec
zdi-1: ZDI_RD_MEM=0xbb
zdi-1: ZDI_RD_MEM=0xe8
zdi-1: ZDI_RD_MEM=0xef
zdi-1: ZDI_RD_MEM=0x30
zdi-1: ZDI_RD_MEM=0x2b
zdi-1: ZDI_RD_MEM=0xbb
zdi-1: ZDI_RD_MEM=0xf
zdi-1: ZDI_RD_MEM=0xec
zdi-1: ZDI_RD_MEM=0xbb
zdi-1: ZDI_RD_MEM=0x4f
zdi-1: ZDI_RD_MEM=0xf8
zdi-1: ZDI_RD_MEM=0x6f
zdi-1: ZDI_RD_MEM=0x80
zdi-1: ZDI_RD_MEM=0xdb
zdi-1: ZDI_RD_MEM=0x84
zdi-1: ZDI_RD_MEM=0x60
zdi-1: ZDI_RD_MEM=0x70
zdi-1: ZDI_RD_MEM=0xbb
zdi-1: ZDI_RD_MEM=0x4f
zdi-1: ZDI_RD_MEM=0xf0
zdi-1: ZDI_RD_MEM=0xfc
zdi-1: ZDI_RD_MEM=0x6f
zdi-1: ZDI_RD_MEM=0x40
zdi-1: ZDI_RD_MEM=0x18
zdi-1: ZDI_RD_MEM=0x30
zdi-1: ZDI_RD_MEM=0x5f
zdi-1: ZDI_RD_MEM=0xbb
zdi-1: ZDI_RD_MEM=0x6c
zdi-1: ZDI_RD_MEM=0xf8
zdi-1: ZDI_RD_MEM=0x0
zdi-1: ZDI_RD_MEM=0xbb
zdi-1: ZDI_RD_MEM=0x6c
zdi-1: ZDI_RD_MEM=0xfb
zdi-1: ZDI_RD_MEM=0x0
zdi-1: ZDI_RD_MEM=0x30
zdi-1: ZDI_RD_MEM=0xc3
zdi-1: ZDI_RD_MEM=0xbb
zdi-1: ZDI_RD_MEM=0xf
zdi-1: ZDI_RD_MEM=0xf0
zdi-1: ZDI_RD_MEM=0xbb
zdi-1: ZDI_RD_MEM=0x1f
zdi-1: ZDI_RD_MEM=0xe0
zdi-1: ZDI_RD_MEM=0xbb
zdi-1: ZDI_RD_MEM=0xf
zdi-1: ZDI_RD_MEM=0xf0
zdi-1: ZDI_RD_MEM=0x7
zdi-1: ZDI_RD_MEM=0xbb
zdi-1: ZDI_RD_MEM=0x1f
zdi-1: ZDI_RD_MEM=0xf0
zdi-1: ZDI_RD_MEM=0xbb
zdi-1: ZDI_RD_MEM=0x4f
zdi-1: ZDI_RD_MEM=0xe0
zdi-1: ZDI_RD_MEM=0x9c
zdi-1: ZDI_RD_MEM=0xc
zdi-1: ZDI_RD_MEM=0x0
zdi-1: ZDI_RD_MEM=0x8b
zdi-1: ZDI_RD_MEM=0x9b
zdi-1: ZDI_RD_MEM=0x5b
zdi-1: ZDI_RD_MEM=0x4c
zdi-1: ZDI_RD_MEM=0x0
zdi-1: ZDI_RD_MEM=0x83
zdi-1: ZDI_RD_MEM=0xbb
zdi-1: ZDI_RD_MEM=0x4f
zdi-1: ZDI_RD_MEM=0xf8
zdi-1: ZDI_RD_MEM=0x47
zdi-1: ZDI_RD_MEM=0xbb
zdi-1: ZDI_RD_MEM=0xeb
zdi-1: ZDI_RD_MEM=0xf8
zdi-1: ZDI_RD_MEM=0xbb
zdi-1: ZDI_RD_MEM=0xe8
zdi-1: ZDI_RD_MEM=0xfb
zdi-1: ZDI_RD_MEM=0x30
zdi-1: ZDI_RD_MEM=0x78
zdi-1: ZDI_RD_MEM=0xbb
zdi-1: ZDI_RD_MEM=0xfc
zdi-1: ZDI_RD_MEM=0xf8
zdi-1: ZDI_RD_MEM=0xbb
zdi-1: ZDI_RD_MEM=0xc
zdi-1: ZDI_RD_MEM=0xff
zdi-1: ZDI_RD_MEM=0xbb
zdi-1: ZDI_RD_MEM=0xef
zdi-1: ZDI_RD_MEM=0xff
zdi-1: ZDI_RD_MEM=0xbb
zdi-1: ZDI_RD_MEM=0xfc
zdi-1: ZDI_RD_MEM=0xf7
zdi-1: ZDI_RD_MEM=0x6f
zdi-1: ZDI_RD_MEM=0x50
zdi-1: ZDI_RD_MEM=0x78
zdi-1: ZDI_RD_MEM=0x74
zdi-1: ZDI_RD_MEM=0x78
zdi-1: ZDI_RD_MEM=0xf
zdi-1: ZDI_RD_MEM=0x8
zdi-1: ZDI_RD_MEM=0x8f
zdi-1: ZDI_RD_MEM=0x2f
zdi-1: ZDI_RD_MEM=0xdb
zdi-1: ZDI_RD_MEM=0xc4
zdi-1: ZDI_RD_MEM=0xd0
zdi-1: ZDI_RD_MEM=0xcb
zdi-1: ZDI_RD_MEM=0x9b
zdi-1: ZDI_RD_MEM=0x28
zdi-1: ZDI_RD_MEM=0x3b
zdi-1: ZDI_RD_MEM=0x0
zdi-1: ZDI_RD_MEM=0x83
zdi-1: ZDI_RD_MEM=0xfb
zdi-1: ZDI_RD_MEM=0x64
zdi-1: ZDI_RD_MEM=0x78
zdi-1: ZDI_RD_MEM=0xf
zdi-1: ZDI_RD_MEM=0x8
zdi-1: ZDI_RD_MEM=0x74
zdi-1: ZDI_RD_MEM=0x78
zdi-1: ZDI_RD_MEM=0xf
zdi-1: ZDI_RD_MEM=0x8
zdi-1: ZDI_RD_MEM=0x8f
zdi-1: ZDI_RD_MEM=0x2f
zdi-1: ZDI_RD_MEM=0xdb
zdi-1: ZDI_RW_CTL:Read PC
zdi-1: ZDI_RD_L=0xcf
zdi-1: ZDI_RD_H=0x9c
zdi-1: ZDI_RD_U=0x0
zdi-1: ZDI_WR_L=0xcc
zdi-1: ZDI_WR_H=0x9c
zdi-1: ZDI_WR_U=0x0
zdi-1: ZDI_RW_CTL:Write PC=0x9ccc
zdi-1: ZDI_WR_L=0xa1
zdi-1: ZDI_WR_H=0x9b
zdi-1: ZDI_WR_U=0x0
zdi-1: ZDI_RW_CTL:Write PC=0x9ba1
zdi-1: ZDI_RW_CTL:Set ADL
zdi-1: ZDI_STAT=ZhAMI
zdi-1: ZDI_STAT=ZhAMI
zdi-1: ZDI_RW_CTL:Set ADL
zdi-1: ZDI_RW_CTL:Read {MBASE, A, F}
zdi-1: ZDI_RD_U=0x0
zdi-1: ZDI_RW_CTL:Set ADL
zdi-1: ZDI_STAT=ZhAMI
zdi-1: ZDI_RW_CTL:Set ADL
zdi-1: ZDI_RW_CTL:Read {MBASE, A, F}
zdi-1: ZDI_RD_L=0x1a
zdi-1: ZDI_RD_H=0x40
zdi-1: ZDI_RW_CTL:Read BC
zdi-1: ZDI_RD_L=0x90
zdi-1: ZDI_RD_H=0xab
zdi-1: ZDI_RD_U=0x0
zdi-1: ZDI_RW_CTL:Read DE
zdi-1: ZDI_RD_L=0x0
zdi-1: ZDI_RD_H=0x6
zdi-1: ZDI_RD_U=0x0
zdi-1: ZDI_RW_CTL:Read HL
zdi-1: ZDI_RD_L=0x1a
zdi-1: ZDI_RD_H=0x0
zdi-1: ZDI_RD_U=0x0
zdi-1: ZDI_RW_CTL:Read HL
zdi-1: ZDI_RW_CTL:Read {MBASE, A, F}
zdi-1: ZDI_RD_L=0x0
zdi-1: ZDI_RD_H=0x0
zdi-1: ZDI_RW_CTL:Read {MBASE, A, F}
zdi-1: ZDI_RW_CTL:Read {MBASE, A, F}
zdi-1: ZDI_RW_CTL:Read BC
zdi-1: ZDI_RD_L=0xff
zdi-1: ZDI_RD_H=0xff
zdi-1: ZDI_RD_U=0xff
zdi-1: ZDI_RW_CTL:Read BC
zdi-1: ZDI_RW_CTL:Read BC
zdi-1: ZDI_RW_CTL:Read DE
zdi-1: ZDI_RD_L=0xff
zdi-1: ZDI_RD_H=0xff
zdi-1: ZDI_RD_U=0xff
zdi-1: ZDI_RW_CTL:Read DE
zdi-1: ZDI_RW_CTL:Read DE
zdi-1: ZDI_RW_CTL:Read HL
zdi-1: ZDI_RD_L=0xff
zdi-1: ZDI_RD_H=0xff
zdi-1: ZDI_RD_U=0xbf
zdi-1: ZDI_RW_CTL:Read HL
zdi-1: ZDI_RW_CTL:Read IX
zdi-1: ZDI_RD_L=0xf7
zdi-1: ZDI_RD_H=0xff
zdi-1: ZDI_RD_U=0xb
zdi-1: ZDI_RW_CTL:Read IY
zdi-1: ZDI_RD_L=0x77
zdi-1: ZDI_RD_H=0x9d
zdi-1: ZDI_RD_U=0x0
zdi-1: ZDI_RW_CTL:Read PC
zdi-1: ZDI_RD_L=0xa1
zdi-1: ZDI_RD_H=0x9b
zdi-1: ZDI_RD_U=0x0
zdi-1: ZDI_RW_CTL:Read {MBASE, A, F}
zdi-1: ZDI_RD_U=0x0
zdi-1: ZDI_IS1=0x57
zdi-1: ZDI_IS0=0xed
zdi-1: ZDI_RW_CTL:Read {MBASE, A, F}
zdi-1: ZDI_RD_L=0x1
zdi-1: ZDI_IS1=0x5f
zdi-1: ZDI_IS0=0xed
zdi-1: ZDI_RW_CTL:Read {MBASE, A, F}
zdi-1: ZDI_RD_L=0x64
zdi-1: ZDI_RD_H=0x4
zdi-1: ZDI_RW_CTL:Read SP
zdi-1: ZDI_RD_L=0xee
zdi-1: ZDI_RD_H=0xff
zdi-1: ZDI_RD_U=0xb
zdi-1: ZDI_RW_CTL:Set ADL
zdi-1: ZDI_RW_CTL:Reset ADL
zdi-1: ZDI_RW_CTL:Read SP
zdi-1: ZDI_RD_L=0xff
zdi-1: ZDI_RD_H=0xff
zdi-1: ZDI_RW_CTL:Set ADL
zdi-1: ZDI_WR_U=0x0
zdi-1: ZDI_WR_H=0x9b
zdi-1: ZDI_WR_L=0xa1
zdi-1: ZDI_RW_CTL:Write PC=0x9ba1
zdi-1: ZDI_RW_CTL:Write PC=0x9ba1
zdi-1: ZDI_RD_U=0x0
zdi-1: ZDI_WR_U=0x0
zdi-1: ZDI_WR_H=0x40
zdi-1: ZDI_WR_L=0x1a
zdi-1: ZDI_RW_CTL:Write {MBASE, A, F}=0x401a
zdi-1: ZDI_STAT=ZhAMI
zdi-1: ZDI_RW_CTL:Set ADL
zdi-1: ZDI_RW_CTL:Read PC
zdi-1: ZDI_RD_L=0xa1
zdi-1: ZDI_RD_H=0x9b
zdi-1: ZDI_RD_U=0x0
zdi-1: ZDI_RW_CTL:Set ADL
zdi-1: ZDI_STAT=ZhAMI
zdi-1: ZDI_RW_CTL:Set ADL
zdi-1: ZDI_RW_CTL:Read PC
zdi-1: ZDI_RD_L=0xa1
zdi-1: ZDI_RD_H=0x9b
zdi-1: ZDI_RD_U=0x0
zdi-1: ZDI_RW_CTL:Read {MBASE, A, F}
zdi-1: ZDI_RD_L=0x1a
zdi-1: ZDI_RD_H=0x40
zdi-1: ZDI_RD_U=0x0
zdi-1: ZDI_IS2=0xdb
zdi-1: ZDI_IS1=0x38
zdi-1: ZDI_IS0=0xed
zdi-1: ZDI_RW_CTL:Read {MBASE, A, F}
zdi-1: ZDI_RD_L=0x0
zdi-1: ZDI_IS2=0xdc
zdi-1: ZDI_IS1=0x38
zdi-1: ZDI_IS0=0xed
zdi-1: ZDI_RW_CTL:Read {MBASE, A, F}
zdi-1: ZDI_RD_L=0x0
zdi-1: ZDI_WR_L=0xa1
zdi-1: ZDI_WR_H=0x9b
zdi-1: ZDI_WR_U=0x0
zdi-1: ZDI_RW_CTL:Write PC=0x9ba1
zdi-1: ZDI_WR_L=0x1a
zdi-1: ZDI_WR_H=0x40
zdi-1: ZDI_WR_U=0x0
zdi-1: ZDI_RW_CTL:Write {MBASE, A, F}=0x401a
zdi-1: ZDI_RW_CTL:Set ADL
zdi-1: ZDI_STAT=ZhAMI
zdi-1: ZDI_STAT=ZhAMI
zdi-1: ZDI_STAT=ZhAMI
zdi-1: ZDI_STAT=ZhAMI
zdi-1: ZDI_STAT=ZhAMI
zdi-1: ZDI_STAT=ZhAMI
zdi-1: ZDI_STAT=ZhAMI
zdi-1: ZDI_STAT=ZhAMI
zdi-1: ZDI_STAT=ZhAMI
zdi-1: ZDI_STAT=ZhAMI
zdi-1: ZDI_STAT=ZhAMI
zdi-1: ZDI_STAT=ZhAMI
zdi-1: ZDI_STAT=ZhAMI
zdi-1: ZDI_STAT=ZhAMI
zdi-1: ZDI_STAT=ZhAMI
zdi-1: ZDI_STAT=ZhAMI
zdi-1: ZDI_STAT=ZhAMI
zdi-1: ZDI_STAT=ZhAMI
zdi-1: ZDI_STAT=ZhAMI
zdi-1: ZDI_STAT=ZhAMI
zdi-1: ZDI_STAT=ZhAMI
zdi-1: ZDI_STAT=ZhAMI
zdi-1: ZDI_STAT=ZhAMI
zdi-1: ZDI_STAT=ZhAMI
zdi-1: ZDI_STAT=ZhAMI
zdi-1: ZDI_STAT=ZhAMI
zdi-1: ZDI_STAT=ZhAMI
zdi-1: ZDI_STAT=ZhAMI
zdi-1: ZDI_STAT=ZhAMI
zdi-1: ZDI_STAT=ZhAMI
zdi-1: ZDI_STAT=ZhAMI
zdi-1: ZDI_STAT=ZhAMI
zdi-1: ZDI_STAT=ZhAMI
zdi-1: ZDI_STAT=ZhAMI
zdi-1: ZDI_STAT=ZhAMI
zdi-1: ZDI_STAT=ZhAMI
zdi-1: ZDI_STAT=ZhAMI
zdi-1: ZDI_STAT=ZhAMI
zdi-1: ZDI_STAT=ZhAMI
zdi-1: ZDI_STAT=ZhAMI
zdi-1: ZDI_STAT=ZhAMI
zdi-1: ZDI_STAT=ZhAMI
zdi-1: ZDI_STAT=ZhAMI
zdi-1: ZDI_STAT=ZhAMI
zdi-1: ZDI_STAT=ZhAMI
zdi-1: ZDI_STAT=ZhAMI
zdi-1: ZDI_STAT=ZhAMI
zdi-1: ZDI_STAT=ZhAMI
zdi-1: ZDI_STAT=ZhAMI
zdi-1: ZDI_STAT=ZhAMI
zdi-1: ZDI_STAT=ZhAMI
zdi-1: ZDI_STAT=ZhAMI
zdi-1: ZDI_STAT=ZhAMI
zdi-1: ZDI_STAT=ZhAMI
zdi-1: ZDI_STAT=ZhAMI
zdi-1: ZDI_STAT=ZhAMI
zdi-1: ZDI_STAT=ZhAMI
zdi-1: ZDI_STAT=ZhAMI
zdi-1: ZDI_STAT=ZhAMI
zdi-1: ZDI_STAT=ZhAMI
zdi-1: ZDI_STAT=ZhAMI
zdi-1: ZDI_STAT=ZhAMI
zdi-1: ZDI_STAT=ZhAMI
zdi-1: ZDI_STAT=ZhAMI
zdi-1: ZDI_STAT=ZhAMI
zdi-1: ZDI_STAT=ZhAMI
zdi-1: ZDI_STAT=ZhAMI
zdi-1: ZDI_STAT=ZhAMI
zdi-1: ZDI_STAT=ZhAMI
zdi-1: ZDI_STAT=ZhAMI
zdi-1: ZDI_STAT=ZhAMI
zdi-1: ZDI_STAT=ZhAMI
zdi-1: ZDI_STAT=ZhAMI
zdi-1: ZDI_STAT=ZhAMI
zdi-1: ZDI_STAT=ZhAMI
zdi-1: ZDI_STAT=ZhAMI
zdi-1: ZDI_STAT=ZhAMI
zdi-1: ZDI_STAT=ZhAMI
zdi-1: ZDI_STAT=ZhAMI
zdi-1: ZDI_STAT=ZhAMI
zdi-1: ZDI_STAT=ZhAMI
zdi-1: ZDI_STAT=ZhAMI
zdi-1: ZDI_STAT=ZhAMI
zdi-1: ZDI_STAT=ZhAMI
zdi-1: ZDI_STAT=ZhAMI
zdi-1: ZDI_STAT=ZhAMI
zdi-1: ZDI_STAT=ZhAMI
zdi-1: ZDI_STAT=ZhAMI
zdi-1: ZDI_STAT=ZhAMI
zdi-1: ZDI_STAT=ZhAMI
zdi-1: ZDI_STAT=ZhAMI
zdi-1: ZDI_STAT=ZhAMI
zdi-1: ZDI_STAT=ZhAMI
zdi-1: ZDI_STAT=ZhAMI
zdi-1: ZDI_STAT=ZhAMI
zdi-1: ZDI_STAT=ZhAMI
zdi-1: ZDI_STAT=ZhAMI
zdi-1: ZDI_STAT=ZhAMI
zdi-1: ZDI_STAT=ZhAMI
zdi-1: ZDI_STAT=ZhAMI
zdi-1: ZDI_STAT=ZhAMI
zdi-1: ZDI_STAT=ZhAMI
zdi-1: ZDI_STAT=ZhAMI
zdi-1: ZDI_STAT=ZhAMI
zdi-1: ZDI_STAT=ZhAMI
zdi-1: ZDI_STAT=ZhAMI
zdi-1: ZDI_STAT=ZhAMI
zdi-1: ZDI_STAT=ZhAMI
zdi-1: ZDI_STAT=ZhAMI
zdi-1: ZDI_STAT=ZhAMI
zdi-1: ZDI_STAT=ZhAMI
zdi-1: ZDI_STAT=ZhAMI
zdi-1: ZDI_STAT=ZhAMI
zdi-1: ZDI_STAT=ZhAMI
zdi-1: ZDI_STAT=ZhAMI
zdi-1: ZDI_STAT=ZhAMI
zdi-1: ZDI_STAT=ZhAMI
zdi-1: ZDI_STAT=ZhAMI
zdi-1: ZDI_STAT=ZhAMI
zdi-1: ZDI_STAT=ZhAMI
zdi-1: ZDI_STAT=ZhAMI
zdi-1: ZDI_STAT=ZhAMI
zdi-1: ZDI_STAT=ZhAMI
zdi-1: ZDI_STAT=ZhAMI
zdi-1: ZDI_STAT=ZhAMI
zdi-1: ZDI_STAT=ZhAMI
zdi-1: ZDI_STAT=ZhAMI
zdi-1: ZDI_STAT=ZhAMI
zdi-1: ZDI_STAT=ZhAMI
zdi-1: ZDI_STAT=ZhAMI
zdi-1: ZDI_STAT=ZhAMI
zdi-1: ZDI_STAT=ZhAMI
zdi-1: ZDI_STAT=ZhAMI
zdi-1: ZDI_STAT=ZhAMI
zdi-1: ZDI_STAT=ZhAMI
zdi-1: ZDI_STAT=ZhAMI
zdi-1: ZDI_STAT=ZhAMI
zdi-1: ZDI_STAT=ZhAMI
zdi-1: ZDI_STAT=ZhAMI
zdi-1: ZDI_STAT=ZhAMI
zdi-1: ZDI_STAT=ZhAMI
zdi-1: ZDI_STAT=ZhAMI
zdi-1: ZDI_STAT=ZhAMI
zdi-1: ZDI_STAT=ZhAMI
zdi-1: ZDI_STAT=ZhAMI
zdi-1: ZDI_STAT=ZhAMI
zdi-1: ZDI_STAT=ZhAMI
zdi-1: ZDI_STAT=ZhAMI
zdi-1: ZDI_STAT=ZhAMI
zdi-1: ZDI_STAT=ZhAMI
zdi-1: ZDI_STAT=ZhAMI
zdi-1: ZDI_STAT=ZhAMI
zdi-1: ZDI_STAT=ZhAMI
zdi-1: ZDI_STAT=ZhAMI
zdi-1: ZDI_STAT=ZhAMI
zdi-1: ZDI_STAT=ZhAMI
zdi-1: ZDI_STAT=ZhAMI
zdi-1: ZDI_STAT=ZhAMI
zdi-1: ZDI_STAT=ZhAMI
zdi-1: ZDI_STAT=ZhAMI
zdi-1: ZDI_STAT=ZhAMI
zdi-1: ZDI_STAT=ZhAMI
zdi-1: ZDI_STAT=ZhAMI
zdi-1: ZDI_STAT=ZhAMI
zdi-1: ZDI_STAT=ZhAMI
zdi-1: ZDI_STAT=ZhAMI
zdi-1: ZDI_STAT=ZhAMI
zdi-1: ZDI_STAT=ZhAMI
zdi-1: ZDI_STAT=ZhAMI
zdi-1: ZDI_STAT=ZhAMI
zdi-1: ZDI_STAT=ZhAMI
zdi-1: ZDI_STAT=ZhAMI
zdi-1: ZDI_STAT=ZhAMI
zdi-1: ZDI_STAT=ZhAMI
zdi-1: ZDI_STAT=ZhAMI
zdi-1: ZDI_STAT=ZhAMI
