zdi-1: ZDI_BRK_CTL=BN
zdi-1: ZDI_STAT=ZhAMi
zdi-1: ZDI_STAT=ZhAMi
zdi-1: ZDI_BRK_CTL=BN
zdi-1: ZDI_STAT=ZhAMi
zdi-1: ZDI_RW_CTL:Set ADL
zdi-1: ZDI_WR_U=0x0
zdi-1: ZDI_WR_L=0x55
zdi-1: ZDI_WR_H=0x55
zdi-1: ZDI_RW_CTL:Write {MBASE, A, F}=0x5555
zdi-1: ZDI_WR_U=0x55
zdi-1: ZDI_WR_H=0x55
zdi-1: ZDI_WR_L=0x55
zdi-1: ZDI_RW_CTL:Write BC=0x555555
zdi-1: ZDI_WR_U=0x55
zdi-1: ZDI_WR_H=0x55
zdi-1: ZDI_WR_L=0x55
zdi-1: ZDI_RW_CTL:Write DE=0x555555
zdi-1: ZDI_WR_U=0x55
zdi-1: ZDI_WR_H=0x55
zdi-1: ZDI_WR_L=0x55
zdi-1: ZDI_RW_CTL:Write HL=0x555555
zdi-1: ZDI_WR_U=0x55
zdi-1: ZDI_WR_H=0x55
zdi-1: ZDI_WR_L=0x55
zdi-1: ZDI_RW_CTL:Write IX=0x555555
zdi-1: ZDI_WR_U=0x55
zdi-1: ZDI_WR_H=0x55
zdi-1: ZDI_WR_L=0x55
zdi-1: ZDI_RW_CTL:Write IY=0x555555
zdi-1: ZDI_WR_U=0x55
zdi-1: ZDI_WR_H=0x55
zdi-1: ZDI_WR_L=0x55
zdi-1: ZDI_RW_CTL:Write SP=0x555555
zdi-1: ZDI_RW_CTL:Read {MBASE, A, F}
zdi-1: ZDI_RD_H=0x55
zdi-1: ZDI_RD_L=0x55
zdi-1: ZDI_RW_CTL:Read BC
zdi-1: ZDI_RD_L=0x55
zdi-1: ZDI_RD_H=0x55
zdi-1: ZDI_RD_U=0x55
zdi-1: ZDI_RW_CTL:Read DE
zdi-1: ZDI_RD_L=0x55
zdi-1: ZDI_RD_H=0x55
zdi-1: ZDI_RD_U=0x55
zdi-1: ZDI_RW_CTL:Read HL
zdi-1: ZDI_RD_L=0x55
zdi-1: ZDI_RD_H=0x55
zdi-1: ZDI_RD_U=0x55
zdi-1: ZDI_RW_CTL:Read IX
zdi-1: ZDI_RD_L=0x55
zdi-1: ZDI_RD_H=0x55
zdi-1: ZDI_RD_U=0x55
zdi-1: ZDI_RW_CTL:Read IY
zdi-1: ZDI_RD_L=0x55
zdi-1: ZDI_RD_H=0x55
zdi-1: ZDI_RD_U=0x55
zdi-1: ZDI_RW_CTL:Read SP
zdi-1: ZDI_RD_L=0x55
zdi-1: ZDI_RD_H=0x55
zdi-1: ZDI_RD_U=0x55
zdi-1: ZDI_STAT=ZhAMi
zdi-1: ZDI_BRK_CTL=BN
zdi-1: ZDI_STAT=ZhAMi
zdi-1: ZDI_STAT=ZhAMi
zdi-1: ZDI_BRK_CTL=BN
zdi-1: ZDI_STAT=ZhAMi
zdi-1: ZDI_RW_CTL:Set ADL
zdi-1: ZDI_WR_U=0x0
zdi-1: ZDI_WR_L=0x55
zdi-1: ZDI_WR_H=0x55
zdi-1: ZDI_RW_CTL:Write {MBASE, A, F}=0x5555
zdi-1: ZDI_WR_U=0x55
zdi-1: ZDI_WR_H=0x55
zdi-1: ZDI_WR_L=0x55
zdi-1: ZDI_RW_CTL:Write BC=0x555555
zdi-1: ZDI_WR_U=0x55
zdi-1: ZDI_WR_H=0x55
zdi-1: ZDI_WR_L=0x55
zdi-1: ZDI_RW_CTL:Write DE=0x555555
zdi-1: ZDI_WR_U=0x55
zdi-1: ZDI_WR_H=0x55
zdi-1: ZDI_WR_L=0x55
zdi-1: ZDI_RW_CTL:Write HL=0x555555
zdi-1: ZDI_WR_U=0x55
zdi-1: ZDI_WR_H=0x55
zdi-1: ZDI_WR_L=0x55
zdi-1: ZDI_RW_CTL:Write IX=0x555555
zdi-1: ZDI_WR_U=0x55
zdi-1: ZDI_WR_H=0x55
zdi-1: ZDI_WR_L=0x55
zdi-1: ZDI_RW_CTL:Write IY=0x555555
zdi-1: ZDI_WR_U=0x55
zdi-1: ZDI_WR_H=0x55
zdi-1: ZDI_WR_L=0x55
zdi-1: ZDI_RW_CTL:Write SP=0x555555
zdi-1: ZDI_RW_CTL:Read {MBASE, A, F}
zdi-1: ZDI_RD_H=0x55
zdi-1: ZDI_RD_L=0x55
zdi-1: ZDI_RW_CTL:Read BC
zdi-1: ZDI_RD_L=0x55
zdi-1: ZDI_RD_H=0x55
zdi-1: ZDI_RD_U=0x55
zdi-1: ZDI_RW_CTL:Read DE
zdi-1: ZDI_RD_L=0x55
zdi-1: ZDI_RD_H=0x55
zdi-1: ZDI_RD_U=0x55
zdi-1: ZDI_RW_CTL:Read HL
zdi-1: ZDI_RD_L=0x55
zdi-1: ZDI_RD_H=0x55
zdi-1: ZDI_RD_U=0x55
zdi-1: ZDI_RW_CTL:Read IX
zdi-1: ZDI_RD_L=0x55
zdi-1: ZDI_RD_H=0x55
zdi-1: ZDI_RD_U=0x55
zdi-1: ZDI_RW_CTL:Read IY
zdi-1: ZDI_RD_L=0x55
zdi-1: ZDI_RD_H=0x55
zdi-1: ZDI_RD_U=0x55
zdi-1: ZDI_RW_CTL:Read SP
zdi-1: ZDI_RD_L=0x55
zdi-1: ZDI_RD_H=0x55
zdi-1: ZDI_RD_U=0x55
zdi-1: ZDI_STAT=ZhAMi
zdi-1: ZDI_BRK_CTL=BN
zdi-1: ZDI_IS0=0xf3
zdi-1: ZDI_RW_CTL:Set ADL
zdi-1: ZDI_IS1=0x4
zdi-1: ZDI_IS0=0x3e
zdi-1: ZDI_IS2=0xa8
zdi-1: ZDI_IS1=0x39
zdi-1: ZDI_IS0=0xed
zdi-1: ZDI_IS1=0xb
zdi-1: ZDI_IS0=0x3e
zdi-1: ZDI_IS2=0xa9
zdi-1: ZDI_IS1=0x39
zdi-1: ZDI_IS0=0xed
zdi-1: ZDI_IS1=0x8
zdi-1: ZDI_IS0=0x3e
zdi-1: ZDI_IS2=0xaa
zdi-1: ZDI_IS1=0x39
zdi-1: ZDI_IS0=0xed
zdi-1: ZDI_IS1=0xc0
zdi-1: ZDI_IS0=0x3e
zdi-1: ZDI_IS2=0xab
zdi-1: ZDI_IS1=0x39
zdi-1: ZDI_IS0=0xed
zdi-1: ZDI_IS1=0xc7
zdi-1: ZDI_IS0=0x3e
zdi-1: ZDI_IS2=0xac
zdi-1: ZDI_IS1=0x39
zdi-1: ZDI_IS0=0xed
zdi-1: ZDI_IS1=0x8
zdi-1: ZDI_IS0=0x3e
zdi-1: ZDI_IS2=0xad
zdi-1: ZDI_IS1=0x39
zdi-1: ZDI_IS0=0xed
zdi-1: ZDI_IS1=0x80
zdi-1: ZDI_IS0=0x3e
zdi-1: ZDI_IS2=0xae
zdi-1: ZDI_IS1=0x39
zdi-1: ZDI_IS0=0xed
zdi-1: ZDI_IS1=0xbf
zdi-1: ZDI_IS0=0x3e
zdi-1: ZDI_IS2=0xaf
zdi-1: ZDI_IS1=0x39
zdi-1: ZDI_IS0=0xed
zdi-1: ZDI_IS1=0x8
zdi-1: ZDI_IS0=0x3e
zdi-1: ZDI_IS2=0xb0
zdi-1: ZDI_IS1=0x39
zdi-1: ZDI_IS0=0xed
zdi-1: ZDI_IS1=0x3
zdi-1: ZDI_IS0=0x3e
zdi-1: ZDI_IS2=0xb1
zdi-1: ZDI_IS1=0x39
zdi-1: ZDI_IS0=0xed
zdi-1: ZDI_IS1=0x3
zdi-1: ZDI_IS0=0x3e
zdi-1: ZDI_IS2=0xb2
zdi-1: ZDI_IS1=0x39
zdi-1: ZDI_IS0=0xed
zdi-1: ZDI_IS1=0x18
zdi-1: ZDI_IS0=0x3e
zdi-1: ZDI_IS2=0xb3
zdi-1: ZDI_IS1=0x39
zdi-1: ZDI_IS0=0xed
zdi-1: ZDI_IS1=0x1
zdi-1: ZDI_IS0=0x3e
zdi-1: ZDI_IS2=0xf0
zdi-1: ZDI_IS1=0x39
zdi-1: ZDI_IS0=0xed
zdi-1: ZDI_IS1=0x0
zdi-1: ZDI_IS0=0x3e
zdi-1: ZDI_IS2=0xf1
zdi-1: ZDI_IS1=0x39
zdi-1: ZDI_IS0=0xed
zdi-1: ZDI_IS1=0x0
zdi-1: ZDI_IS0=0x3e
zdi-1: ZDI_IS2=0xf2
zdi-1: ZDI_IS1=0x39
zdi-1: ZDI_IS0=0xed
zdi-1: ZDI_IS1=0x82
zdi-1: ZDI_IS0=0x3e
zdi-1: ZDI_IS2=0xf3
zdi-1: ZDI_IS1=0x39
zdi-1: ZDI_IS0=0xed
zdi-1: ZDI_IS1=0x80
zdi-1: ZDI_IS0=0x3e
zdi-1: ZDI_IS2=0xb4
zdi-1: ZDI_IS1=0x39
zdi-1: ZDI_IS0=0xed
zdi-1: ZDI_IS1=0xff
zdi-1: ZDI_IS0=0x3e
zdi-1: ZDI_IS2=0xb5
zdi-1: ZDI_IS1=0x39
zdi-1: ZDI_IS0=0xed
zdi-1: ZDI_IS1=0x28
zdi-1: ZDI_IS0=0x3e
zdi-1: ZDI_IS2=0xf8
zdi-1: ZDI_IS1=0x39
zdi-1: ZDI_IS0=0xed
zdi-1: ZDI_IS1=0x0
zdi-1: ZDI_IS0=0x3e
zdi-1: ZDI_IS2=0xf7
zdi-1: ZDI_IS1=0x39
zdi-1: ZDI_IS0=0xed
zdi-1: ZDI_WR_U=0x0
zdi-1: ZDI_WR_H=0x0
zdi-1: ZDI_WR_L=0x0
zdi-1: ZDI_RW_CTL:Write PC=0x0
zdi-1: ZDI_WR_U=0xa
zdi-1: ZDI_WR_H=0x0
zdi-1: ZDI_WR_L=0x0
zdi-1: ZDI_RW_CTL:Write SP=0xa0000
zdi-1: ZDI_RW_CTL:Reset ADL
zdi-1: ZDI_WR_H=0xff
zdi-1: ZDI_WR_L=0xff
zdi-1: ZDI_RW_CTL:Write SP=0xaffff
zdi-1: ZDI_RW_CTL:Read BC
zdi-1: ZDI_RW_CTL:Set ADL
zdi-1: ZDI_BRK_CTL=BN
zdi-1: ZDI_ADDR1_U=0x0
zdi-1: ZDI_ADDR1_H=0x9
zdi-1: ZDI_ADDR1_L=0x2d
zdi-1: ZDI_STAT=ZhAMi
zdi-1: ZDI_STAT=ZhAMi
zdi-1: ZDI_STAT=ZhAMi
zdi-1: ZDI_STAT=ZhAMi
zdi-1: ZDI_STAT=ZhAMi
zdi-1: ZDI_STAT=ZhAMi
zdi-1: ZDI_STAT=ZhAMi
zdi-1: ZDI_STAT=ZhAMi
zdi-1: ZDI_STAT=ZhAMi
zdi-1: ZDI_STAT=ZhAMi
zdi-1: ZDI_STAT=ZhAMi
zdi-1: ZDI_RW_CTL:Set ADL
zdi-1: ZDI_RW_CTL:Read PC
zdi-1: ZDI_RD_L=0x0
zdi-1: ZDI_RD_H=0x0
zdi-1: ZDI_RD_U=0x0
zdi-1: ZDI_RW_CTL:Set ADL
zdi-1: ZDI_STAT=ZhAMi
zdi-1: ZDI_RW_CTL:Set ADL
zdi-1: ZDI_RW_CTL:Read IX
zdi-1: ZDI_RD_L=0x55
zdi-1: ZDI_RD_H=0x55
zdi-1: ZDI_RD_U=0x55
zdi-1: ZDI_RW_CTL:Set ADL
zdi-1: ZDI_STAT=ZhAMi
zdi-1: ZDI_RW_CTL:Read PC
zdi-1: ZDI_RD_L=0x0
zdi-1: ZDI_RD_H=0x0
zdi-1: ZDI_RD_U=0x0
zdi-1: ZDI_STAT=ZhAMi
zdi-1: ZDI_RW_CTL:Set ADL
zdi-1: ZDI_WR_U=0xff
zdi-1: ZDI_WR_H=0xff
zdi-1: ZDI_WR_L=0xff
zdi-1: ZDI_RW_CTL:Write PC=0xffffff
zdi-1: ZDI_RD_MEM=0x0
zdi-1: ZDI_RW_CTL:Read PC
zdi-1: ZDI_RD_L=0x2e
zdi-1: ZDI_RD_H=0x1
zdi-1: ZDI_RD_U=0x0
zdi-1: ZDI_WR_L=0x2b
zdi-1: ZDI_WR_H=0x1
zdi-1: ZDI_WR_U=0x0
zdi-1: ZDI_RW_CTL:Write PC=0x12b
zdi-1: ZDI_WR_L=0x0
zdi-1: ZDI_WR_H=0x0
zdi-1: ZDI_WR_U=0x0
zdi-1: ZDI_RW_CTL:Write PC=0x0
zdi-1: ZDI_RW_CTL:Set ADL
zdi-1: ZDI_STAT=ZhAMi
zdi-1: ZDI_STAT=ZhAMi
zdi-1: ZDI_RW_CTL:Set ADL
zdi-1: ZDI_RW_CTL:Read {MBASE, A, F}
zdi-1: ZDI_RD_U=0x0
zdi-1: ZDI_RW_CTL:Set ADL
zdi-1: ZDI_STAT=ZhAMi
zdi-1: ZDI_RW_CTL:Set ADL
zdi-1: ZDI_RW_CTL:Read {MBASE, A, F}
zdi-1: ZDI_RD_L=0x0
zdi-1: ZDI_RD_H=0x55
zdi-1: ZDI_RW_CTL:Read BC
zdi-1: ZDI_RD_L=0x55
zdi-1: ZDI_RD_H=0x55
zdi-1: ZDI_RD_U=0x55
zdi-1: ZDI_RW_CTL:Read DE
zdi-1: ZDI_RD_L=0x55
zdi-1: ZDI_RD_H=0x55
zdi-1: ZDI_RD_U=0x55
zdi-1: ZDI_RW_CTL:Read HL
zdi-1: ZDI_RD_L=0x55
zdi-1: ZDI_RD_H=0x55
zdi-1: ZDI_RD_U=0x55
zdi-1: ZDI_RW_CTL:Read HL
zdi-1: ZDI_RW_CTL:Read {MBASE, A, F}
zdi-1: ZDI_RD_L=0x0
zdi-1: ZDI_RD_H=0x0
zdi-1: ZDI_RW_CTL:Read {MBASE, A, F}
zdi-1: ZDI_RW_CTL:Read {MBASE, A, F}
zdi-1: ZDI_RW_CTL:Read BC
zdi-1: ZDI_RD_L=0xfb
zdi-1: ZDI_RD_H=0xbf
zdi-1: ZDI_RD_U=0xee
zdi-1: ZDI_RW_CTL:Read BC
zdi-1: ZDI_RW_CTL:Read BC
zdi-1: ZDI_RW_CTL:Read DE
zdi-1: ZDI_RD_L=0xb3
zdi-1: ZDI_RD_H=0x9f
zdi-1: ZDI_RD_U=0xdd
zdi-1: ZDI_RW_CTL:Read DE
zdi-1: ZDI_RW_CTL:Read DE
zdi-1: ZDI_RW_CTL:Read HL
zdi-1: ZDI_RD_L=0xf6
zdi-1: ZDI_RD_H=0x66
zdi-1: ZDI_RD_U=0xbf
zdi-1: ZDI_RW_CTL:Read HL
zdi-1: ZDI_RW_CTL:Read IX
zdi-1: ZDI_RD_L=0x55
zdi-1: ZDI_RD_H=0x55
zdi-1: ZDI_RD_U=0x55
zdi-1: ZDI_RW_CTL:Read IY
zdi-1: ZDI_RD_L=0x55
zdi-1: ZDI_RD_H=0x55
zdi-1: ZDI_RD_U=0x55
zdi-1: ZDI_RW_CTL:Read PC
zdi-1: ZDI_RD_L=0x0
zdi-1: ZDI_RD_H=0x0
zdi-1: ZDI_RD_U=0x0
zdi-1: ZDI_RW_CTL:Read {MBASE, A, F}
zdi-1: ZDI_RD_U=0x0
zdi-1: ZDI_IS1=0x57
zdi-1: ZDI_IS0=0xed
zdi-1: ZDI_RW_CTL:Read {MBASE, A, F}
zdi-1: ZDI_RD_L=0x1
zdi-1: ZDI_IS1=0x5f
zdi-1: ZDI_IS0=0xed
zdi-1: ZDI_RW_CTL:Read {MBASE, A, F}
zdi-1: ZDI_RD_L=0x4e
zdi-1: ZDI_RD_H=0x1
zdi-1: ZDI_RW_CTL:Read SP
zdi-1: ZDI_RD_L=0x0
zdi-1: ZDI_RD_H=0x0
zdi-1: ZDI_RD_U=0xa
zdi-1: ZDI_RW_CTL:Set ADL
zdi-1: ZDI_RW_CTL:Reset ADL
zdi-1: ZDI_RW_CTL:Read SP
zdi-1: ZDI_RD_L=0xff
zdi-1: ZDI_RD_H=0xff
zdi-1: ZDI_RW_CTL:Set ADL
zdi-1: ZDI_WR_U=0x0
zdi-1: ZDI_WR_H=0x0
zdi-1: ZDI_WR_L=0x0
zdi-1: ZDI_RW_CTL:Write PC=0x0
zdi-1: ZDI_RW_CTL:Write PC=0x0
zdi-1: ZDI_RD_U=0x0
zdi-1: ZDI_WR_U=0x0
zdi-1: ZDI_WR_H=0x55
zdi-1: ZDI_WR_L=0x0
zdi-1: ZDI_RW_CTL:Write {MBASE, A, F}=0x5500
zdi-1: ZDI_STAT=ZhAMi
zdi-1: ZDI_RW_CTL:Set ADL
zdi-1: ZDI_RW_CTL:Read PC
zdi-1: ZDI_RD_L=0x0
zdi-1: ZDI_RD_H=0x0
zdi-1: ZDI_RD_U=0x0
zdi-1: ZDI_RW_CTL:Set ADL
zdi-1: ZDI_STAT=ZhAMi
zdi-1: ZDI_RW_CTL:Set ADL
zdi-1: ZDI_RW_CTL:Read PC
zdi-1: ZDI_RD_L=0x0
zdi-1: ZDI_RD_H=0x0
zdi-1: ZDI_RD_U=0x0
zdi-1: ZDI_RW_CTL:Read {MBASE, A, F}
zdi-1: ZDI_RD_L=0x0
zdi-1: ZDI_RD_H=0x55
zdi-1: ZDI_RD_U=0x0
zdi-1: ZDI_IS2=0xdb
zdi-1: ZDI_IS1=0x38
zdi-1: ZDI_IS0=0xed
zdi-1: ZDI_RW_CTL:Read {MBASE, A, F}
zdi-1: ZDI_RD_L=0x0
zdi-1: ZDI_IS2=0xdc
zdi-1: ZDI_IS1=0x38
zdi-1: ZDI_IS0=0xed
zdi-1: ZDI_RW_CTL:Read {MBASE, A, F}
zdi-1: ZDI_RD_L=0x0
zdi-1: ZDI_WR_L=0x0
zdi-1: ZDI_WR_H=0x0
zdi-1: ZDI_WR_U=0x0
zdi-1: ZDI_RW_CTL:Write PC=0x0
zdi-1: ZDI_WR_L=0x0
zdi-1: ZDI_WR_H=0x55
zdi-1: ZDI_WR_U=0x0
zdi-1: ZDI_RW_CTL:Write {MBASE, A, F}=0x5500
zdi-1: ZDI_RW_CTL:Set ADL
zdi-1: ZDI_STAT=ZhAMi
zdi-1: ZDI_STAT=ZhAMi
zdi-1: ZDI_STAT=ZhAMi
zdi-1: ZDI_STAT=ZhAMi
zdi-1: ZDI_STAT=ZhAMi
zdi-1: ZDI_STAT=ZhAMi
zdi-1: ZDI_STAT=ZhAMi
zdi-1: ZDI_STAT=ZhAMi
zdi-1: ZDI_STAT=ZhAMi
zdi-1: ZDI_STAT=ZhAMi
zdi-1: ZDI_STAT=ZhAMi
zdi-1: ZDI_STAT=ZhAMi
zdi-1: ZDI_STAT=ZhAMi
zdi-1: ZDI_STAT=ZhAMi
zdi-1: ZDI_STAT=ZhAMi
zdi-1: ZDI_STAT=ZhAMi
zdi-1: ZDI_STAT=ZhAMi
zdi-1: ZDI_STAT=ZhAMi
zdi-1: ZDI_STAT=ZhAMi
zdi-1: ZDI_STAT=ZhAMi
zdi-1: ZDI_STAT=ZhAMi
zdi-1: ZDI_STAT=ZhAMi
zdi-1: ZDI_STAT=ZhAMi
zdi-1: ZDI_STAT=ZhAMi
zdi-1: ZDI_STAT=ZhAMi
zdi-1: ZDI_STAT=ZhAMi
zdi-1: ZDI_STAT=ZhAMi
zdi-1: ZDI_STAT=ZhAMi
zdi-1: ZDI_STAT=ZhAMi
zdi-1: ZDI_STAT=ZhAMi
zdi-1: ZDI_STAT=ZhAMi
zdi-1: ZDI_STAT=ZhAMi
zdi-1: ZDI_STAT=ZhAMi
zdi-1: ZDI_STAT=ZhAMi
zdi-1: ZDI_STAT=ZhAMi
zdi-1: ZDI_STAT=ZhAMi
zdi-1: ZDI_STAT=ZhAMi
zdi-1: ZDI_STAT=ZhAMi
zdi-1: ZDI_STAT=ZhAMi
zdi-1: ZDI_STAT=ZhAMi
zdi-1: ZDI_STAT=ZhAMi
zdi-1: ZDI_STAT=ZhAMi
zdi-1: ZDI_STAT=ZhAMi
zdi-1: ZDI_STAT=ZhAMi
zdi-1: ZDI_STAT=ZhAMi
zdi-1: ZDI_STAT=ZhAMi
zdi-1: ZDI_STAT=ZhAMi
zdi-1: ZDI_STAT=ZhAMi
zdi-1: ZDI_STAT=ZhAMi
zdi-1: ZDI_STAT=ZhAMi
zdi-1: ZDI_STAT=ZhAMi
zdi-1: ZDI_STAT=ZhAMi
zdi-1: ZDI_STAT=ZhAMi
zdi-1: ZDI_STAT=ZhAMi
zdi-1: ZDI_STAT=ZhAMi
zdi-1: ZDI_STAT=ZhAMi
zdi-1: ZDI_STAT=ZhAMi
zdi-1: ZDI_STAT=ZhAMi
zdi-1: ZDI_STAT=ZhAMi
zdi-1: ZDI_STAT=ZhAMi
zdi-1: ZDI_STAT=ZhAMi
zdi-1: ZDI_STAT=ZhAMi
zdi-1: ZDI_STAT=ZhAMi
zdi-1: ZDI_STAT=ZhAMi
zdi-1: ZDI_STAT=ZhAMi
zdi-1: ZDI_STAT=ZhAMi
zdi-1: ZDI_STAT=ZhAMi
zdi-1: ZDI_STAT=ZhAMi
zdi-1: ZDI_STAT=ZhAMi
zdi-1: ZDI_STAT=ZhAMi
zdi-1: ZDI_STAT=ZhAMi
zdi-1: ZDI_STAT=ZhAMi
zdi-1: ZDI_STAT=ZhAMi
zdi-1: ZDI_STAT=ZhAMi
zdi-1: ZDI_STAT=ZhAMi
zdi-1: ZDI_STAT=ZhAMi
zdi-1: ZDI_STAT=ZhAMi
zdi-1: ZDI_STAT=ZhAMi
zdi-1: ZDI_STAT=ZhAMi
zdi-1: ZDI_STAT=ZhAMi
