zdi-1: ZDI_STAT=zhAMI
zdi-1: ZDI_STAT=zhAMI
zdi-1: ZDI_STAT=zhAMI
zdi-1: ZDI_STAT=zhAMI
zdi-1: ZDI_STAT=zhAMI
zdi-1: ZDI_STAT=zhAMI
zdi-1: ZDI_STAT=zhAMI
zdi-1: ZDI_STAT=zhAMI
zdi-1: ZDI_STAT=zhAMI
zdi-1: ZDI_STAT=zhAMI
zdi-1: ZDI_STAT=zhAMI
zdi-1: ZDI_STAT=zhAMI
zdi-1: ZDI_STAT=zhAMI
zdi-1: ZDI_STAT=zhAMI
zdi-1: ZDI_STAT=zhAMI
zdi-1: ZDI_STAT=zhAMI
zdi-1: ZDI_STAT=zhAMI
zdi-1: ZDI_STAT=zhAMI
zdi-1: ZDI_STAT=zhAMI
zdi-1: ZDI_STAT=zhAMI
zdi-1: ZDI_STAT=zhAMI
zdi-1: ZDI_STAT=zhAMI
zdi-1: ZDI_STAT=zhAMI
zdi-1: ZDI_STAT=zhAMI
zdi-1: ZDI_STAT=zhAMI
zdi-1: ZDI_STAT=zhAMI
zdi-1: ZDI_STAT=zhAMI
zdi-1: ZDI_STAT=zhAMI
zdi-1: ZDI_STAT=zhAMI
zdi-1: ZDI_STAT=zhAMI
zdi-1: ZDI_STAT=zhAMI
zdi-1: ZDI_STAT=zhAMI
zdi-1: ZDI_STAT=zhAMI
zdi-1: ZDI_STAT=zhAMI
zdi-1: ZDI_STAT=zhAMI
zdi-1: ZDI_STAT=zhAMI
zdi-1: ZDI_STAT=zhAMI
zdi-1: ZDI_STAT=zhAMI
zdi-1: ZDI_STAT=zhAMI
zdi-1: ZDI_STAT=zhAMI
zdi-1: ZDI_STAT=zhAMI
zdi-1: ZDI_STAT=zhAMI
zdi-1: ZDI_STAT=zhAMI
zdi-1: ZDI_STAT=zhAMI
zdi-1: ZDI_STAT=zhAMI
zdi-1: ZDI_STAT=zhAMI
zdi-1: ZDI_STAT=zhAMI
zdi-1: ZDI_STAT=zhAMI
zdi-1: ZDI_STAT=zhAMI
zdi-1: ZDI_STAT=zhAMI
zdi-1: ZDI_STAT=zhAMI
zdi-1: ZDI_STAT=zhAMI
zdi-1: ZDI_STAT=zhAMI
zdi-1: ZDI_STAT=zhAMI
zdi-1: ZDI_STAT=zhAMI
zdi-1: ZDI_STAT=zhAMI
zdi-1: ZDI_STAT=zhAMI
zdi-1: ZDI_STAT=zhAMI
zdi-1: ZDI_STAT=zhAMI
zdi-1: ZDI_STAT=zhAMI
zdi-1: ZDI_STAT=zhAMI
zdi-1: ZDI_STAT=zhAMI
zdi-1: ZDI_STAT=zhAMI
zdi-1: ZDI_STAT=zhAMI
zdi-1: ZDI_STAT=zhAMI
zdi-1: ZDI_STAT=zhAMI
zdi-1: ZDI_STAT=zhAMI
zdi-1: ZDI_STAT=zhAMI
zdi-1: ZDI_STAT=zhAMI
zdi-1: ZDI_STAT=zhAMI
zdi-1: ZDI_STAT=zhAMI
zdi-1: ZDI_STAT=zhAMI
zdi-1: ZDI_STAT=zhAMI
zdi-1: ZDI_STAT=zhAMI
zdi-1: ZDI_STAT=zhAMI
zdi-1: ZDI_STAT=zhAMI
zdi-1: ZDI_STAT=zhAMI
zdi-1: ZDI_STAT=zhAMI
zdi-1: ZDI_STAT=zhAMI
zdi-1: ZDI_STAT=zhAMI
zdi-1: ZDI_STAT=zhAMI
zdi-1: ZDI_STAT=zhAMI
zdi-1: ZDI_STAT=zhAMI
zdi-1: ZDI_STAT=zhAMI
zdi-1: ZDI_STAT=zhAMI
zdi-1: ZDI_STAT=zhAMI
zdi-1: ZDI_STAT=zhAMI
zdi-1: ZDI_STAT=zhAMI
zdi-1: ZDI_STAT=zhAMI
zdi-1: ZDI_STAT=zhAMI
zdi-1: ZDI_STAT=zhAMI
zdi-1: ZDI_STAT=zhAMI
zdi-1: ZDI_STAT=zhAMI
zdi-1: ZDI_STAT=zhAMI
zdi-1: ZDI_STAT=zhAMI
zdi-1: ZDI_STAT=zhAMI
zdi-1: ZDI_STAT=zhAMI
zdi-1: ZDI_STAT=zhAMI
zdi-1: ZDI_STAT=zhAMI
zdi-1: ZDI_STAT=zhAMI
zdi-1: ZDI_STAT=zhAMI
zdi-1: ZDI_STAT=zhAMI
zdi-1: ZDI_STAT=zhAMI
zdi-1: ZDI_STAT=zhAMI
zdi-1: ZDI_STAT=zhAMI
zdi-1: ZDI_STAT=zhAMI
zdi-1: ZDI_STAT=zhAMI
zdi-1: ZDI_STAT=zhAMI
zdi-1: ZDI_STAT=zhAMI
zdi-1: ZDI_STAT=zhAMI
zdi-1: ZDI_STAT=zhAMI
zdi-1: ZDI_STAT=zhAMI
zdi-1: ZDI_STAT=zhAMI
zdi-1: ZDI_STAT=zhAMI
zdi-1: ZDI_STAT=zhAMI
zdi-1: ZDI_STAT=zhAMI
zdi-1: ZDI_STAT=zhAMI
zdi-1: ZDI_STAT=zhAMI
zdi-1: ZDI_STAT=zhAMI
zdi-1: ZDI_STAT=zhAMI
zdi-1: ZDI_STAT=zhAMI
zdi-1: ZDI_STAT=zhAMI
zdi-1: ZDI_STAT=zhAMI
zdi-1: ZDI_STAT=zhAMI
zdi-1: ZDI_STAT=zhAMI
zdi-1: ZDI_STAT=zhAMI
zdi-1: ZDI_STAT=zhAMI
zdi-1: ZDI_STAT=zhAMI
zdi-1: ZDI_STAT=zhAMI
## SET BP 0x000003 ##############################
zdi-1: ZDI_BRK_CTL=BN
zdi-1: ZDI_BRK_CTL=BN
zdi-1: ZDI_STAT=ZhAMI
zdi-1: ZDI_STAT=ZhAMI
zdi-1: ZDI_STAT=ZhAMI
zdi-1: ZDI_ADDR1_U=0x0
zdi-1: ZDI_ADDR1_H=0x0
zdi-1: ZDI_ADDR1_L=0x3
zdi-1: ZDI_STAT=ZhAMI
zdi-1: ZDI_RW_CTL:Set ADL
zdi-1: ZDI_RW_CTL:Read PC
zdi-1: ZDI_RD_L=0x82
zdi-1: ZDI_RD_H=0x96
zdi-1: ZDI_RD_U=0x0
zdi-1: ZDI_RW_CTL:Set ADL
zdi-1: ZDI_BRK_CTL=B1S
zdi-1: ZDI_STAT=zhAMI
zdi-1: ZDI_STAT=zhAMI
zdi-1: ZDI_STAT=zhAMI
zdi-1: ZDI_STAT=zhAMI
zdi-1: ZDI_STAT=zhAMI
zdi-1: ZDI_STAT=zhAMI
zdi-1: ZDI_STAT=zhAMI
zdi-1: ZDI_STAT=zhAMI
zdi-1: ZDI_STAT=zhAMI
zdi-1: ZDI_STAT=zhAMI
zdi-1: ZDI_STAT=zhAMI
zdi-1: ZDI_STAT=zhAMI
zdi-1: ZDI_STAT=zhAMI
zdi-1: ZDI_STAT=zhAMI
zdi-1: ZDI_STAT=zhAMI
zdi-1: ZDI_STAT=zhAMI
zdi-1: ZDI_STAT=zhAMI
zdi-1: ZDI_STAT=zhAMI
zdi-1: ZDI_STAT=zhAMI
zdi-1: ZDI_STAT=zhAMI
zdi-1: ZDI_STAT=zhAMI
zdi-1: ZDI_STAT=zhAMI
zdi-1: ZDI_STAT=zhAMI
zdi-1: ZDI_STAT=zhAMI
zdi-1: ZDI_STAT=zhAMI
zdi-1: ZDI_STAT=zhAMI
zdi-1: ZDI_STAT=zhAMI
zdi-1: ZDI_STAT=zhAMI
zdi-1: ZDI_STAT=zhAMI
zdi-1: ZDI_STAT=zhAMI
zdi-1: ZDI_STAT=zhAMI
zdi-1: ZDI_STAT=zhAMI
zdi-1: ZDI_STAT=zhAMI
zdi-1: ZDI_STAT=zhAMI
zdi-1: ZDI_STAT=zhAMI
zdi-1: ZDI_STAT=zhAMI
zdi-1: ZDI_STAT=zhAMI
zdi-1: ZDI_STAT=zhAMI
zdi-1: ZDI_STAT=zhAMI
zdi-1: ZDI_STAT=zhAMI
zdi-1: ZDI_STAT=zhAMI
zdi-1: ZDI_STAT=zhAMI
zdi-1: ZDI_STAT=zhAMI
zdi-1: ZDI_STAT=zhAMI
zdi-1: ZDI_STAT=zhAMI
zdi-1: ZDI_STAT=zhAMI
zdi-1: ZDI_STAT=zhAMI
zdi-1: ZDI_STAT=zhAMI
zdi-1: ZDI_STAT=zhAMI
zdi-1: ZDI_STAT=zhAMI
zdi-1: ZDI_STAT=zhAMI
zdi-1: ZDI_STAT=zhAMI
zdi-1: ZDI_STAT=zhAMI
zdi-1: ZDI_STAT=zhAMI
zdi-1: ZDI_STAT=zhAMI
zdi-1: ZDI_STAT=zhAMI
zdi-1: ZDI_STAT=zhAMI
zdi-1: ZDI_STAT=zhAMI
zdi-1: ZDI_STAT=zhAMI
zdi-1: ZDI_STAT=zhAMI
zdi-1: ZDI_STAT=zhAMI
zdi-1: ZDI_STAT=zhAMI
zdi-1: ZDI_STAT=zhAMI
zdi-1: ZDI_STAT=zhAMI
zdi-1: ZDI_STAT=zhAMI
zdi-1: ZDI_STAT=zhAMI
zdi-1: ZDI_STAT=zhAMI
zdi-1: ZDI_STAT=zhAMI
zdi-1: ZDI_STAT=zhAMI
zdi-1: ZDI_STAT=zhAMI
zdi-1: ZDI_STAT=zhAMI
zdi-1: ZDI_STAT=zhAMI
zdi-1: ZDI_STAT=zhAMI
zdi-1: ZDI_STAT=zhAMI
zdi-1: ZDI_STAT=zhAMI
zdi-1: ZDI_STAT=zhAMI
zdi-1: ZDI_STAT=zhAMI
zdi-1: ZDI_STAT=zhAMI
zdi-1: ZDI_STAT=zhAMI
zdi-1: ZDI_STAT=zhAMI
zdi-1: ZDI_STAT=zhAMI
zdi-1: ZDI_STAT=zhAMI
zdi-1: ZDI_STAT=zhAMI
zdi-1: ZDI_STAT=zhAMI
zdi-1: ZDI_STAT=zhAMI
zdi-1: ZDI_STAT=zhAMI
zdi-1: ZDI_STAT=zhAMI
zdi-1: ZDI_STAT=zhAMI
zdi-1: ZDI_STAT=zhAMI
zdi-1: ZDI_STAT=zhAMI
zdi-1: ZDI_STAT=zhAMI
zdi-1: ZDI_STAT=zhAMI
zdi-1: ZDI_STAT=zhAMI
zdi-1: ZDI_STAT=zhAMI
zdi-1: ZDI_STAT=zhAMI
zdi-1: ZDI_STAT=zhAMI
## RESET ########################################
zdi-1: ZDI_BRK_CTL=BN
zdi-1: ZDI_BRK_CTL=BNB1
zdi-1: ZDI_STAT=ZhAMI
zdi-1: ZDI_STAT=ZhAMI
zdi-1: ZDI_STAT=ZhAMI
zdi-1: ZDI_BRK_CTL=BNB1
zdi-1: ZDI_IS0=0xf3             # DI
zdi-1: ZDI_RW_CTL:Set ADL
zdi-1: ZDI_IS1=0x4
zdi-1: ZDI_IS0=0x3e             # LD A,0x04
zdi-1: ZDI_IS2=0xa8
zdi-1: ZDI_IS1=0x39
zdi-1: ZDI_IS0=0xed             # OUT0 (0xa8),A - CS0-LBR
zdi-1: ZDI_IS1=0xb
zdi-1: ZDI_IS0=0x3e             # LD A,0x0b - 0x040000 - 0x0bffff
zdi-1: ZDI_IS2=0xa9
zdi-1: ZDI_IS1=0x39
zdi-1: ZDI_IS0=0xed             # OUT0 (0xa9),A - CS0-UBR
zdi-1: ZDI_IS1=0x8
zdi-1: ZDI_IS0=0x3e             # LD A, 0x08 - zero wait state, cs enabled
zdi-1: ZDI_IS2=0xaa
zdi-1: ZDI_IS1=0x39
zdi-1: ZDI_IS0=0xed             # OUT0 (0xaa),A - CS0-CTL
zdi-1: ZDI_IS1=0xc0
zdi-1: ZDI_IS0=0x3e             # LD A, 0xc0
zdi-1: ZDI_IS2=0xab
zdi-1: ZDI_IS1=0x39
zdi-1: ZDI_IS0=0xed             # OUT0 (0xab),A - CS1-LBR
zdi-1: ZDI_IS1=0xc7
zdi-1: ZDI_IS0=0x3e             # LD A, 0xc7 - 0xc00000 - 0xc7ffff
zdi-1: ZDI_IS2=0xac
zdi-1: ZDI_IS1=0x39
zdi-1: ZDI_IS0=0xed             # OUT0 (0xac),A - CS1-UBR
zdi-1: ZDI_IS1=0x8
zdi-1: ZDI_IS0=0x3e             # LD A, 0x08 - zero wait state, cs enabled
zdi-1: ZDI_IS2=0xad
zdi-1: ZDI_IS1=0x39
zdi-1: ZDI_IS0=0xed             # OUT0 (0xad),A - CS2-CTL
zdi-1: ZDI_IS1=0x80
zdi-1: ZDI_IS0=0x3e             # LD A, 0x3e
zdi-1: ZDI_IS2=0xae
zdi-1: ZDI_IS1=0x39
zdi-1: ZDI_IS0=0xed             # OUT0 (0xae),A - CS2-LBR
zdi-1: ZDI_IS1=0xbf
zdi-1: ZDI_IS0=0x3e             # LD A, 0xbf - 0x3e0000 - 0xbfffff
zdi-1: ZDI_IS2=0xaf
zdi-1: ZDI_IS1=0x39
zdi-1: ZDI_IS0=0xed             # OUT0 (0xaf),A - CS2-UBR
zdi-1: ZDI_IS1=0x8
zdi-1: ZDI_IS0=0x3e             # LD A, 0x08 - zero wait state, cs enabled
zdi-1: ZDI_IS2=0xb0
zdi-1: ZDI_IS1=0x39
zdi-1: ZDI_IS0=0xed             # OUT0 (0xb0),A - CS2-CTL
zdi-1: ZDI_IS1=0x3
zdi-1: ZDI_IS0=0x3e             # LD A, 0x3e
zdi-1: ZDI_IS2=0xb1
zdi-1: ZDI_IS1=0x39
zdi-1: ZDI_IS0=0xed             # OUT0 (0xb1),A - CS3-LBR
zdi-1: ZDI_IS1=0x3
zdi-1: ZDI_IS0=0x3e             # LD A, 0x03 - 0x03e000 - 0x03ffff
zdi-1: ZDI_IS2=0xb2
zdi-1: ZDI_IS1=0x39
zdi-1: ZDI_IS0=0xed             # OUT0 (0xb2),A - CS3-UBR
zdi-1: ZDI_IS1=0x18
zdi-1: ZDI_IS0=0x3e             # LD A, 0x18 - zero wait state, IO select, cs enabled
zdi-1: ZDI_IS2=0xb3
zdi-1: ZDI_IS1=0x39
zdi-1: ZDI_IS0=0xed             # OUT0 (0xb3),A - CS3-CTL
zdi-1: ZDI_IS1=0x1
zdi-1: ZDI_IS0=0x3e             # LD A, 0x01
zdi-1: ZDI_IS2=0xf0
zdi-1: ZDI_IS1=0x39
zdi-1: ZDI_IS0=0xed             # OUT0 (0xf0),A - CS0-BMC
zdi-1: ZDI_IS1=0x0
zdi-1: ZDI_IS0=0x3e             # LD A, 0x00
zdi-1: ZDI_IS2=0xf1
zdi-1: ZDI_IS1=0x39
zdi-1: ZDI_IS0=0xed             # OUT0 (0xf1),A - CS1-BMC
zdi-1: ZDI_IS1=0x0
zdi-1: ZDI_IS0=0x3e             # LD A, 0x00
zdi-1: ZDI_IS2=0xf2
zdi-1: ZDI_IS1=0x39
zdi-1: ZDI_IS0=0xed             # OUT0 (0xf2),A - CS2-BMC
zdi-1: ZDI_IS1=0x82
zdi-1: ZDI_IS0=0x3e             # LD A, 0x80
zdi-1: ZDI_IS2=0xf3
zdi-1: ZDI_IS1=0x39
zdi-1: ZDI_IS0=0xed             # OUT0 (0xf3),A - CS3-BMC
zdi-1: ZDI_IS1=0x80
zdi-1: ZDI_IS0=0x3e             # LD A, 0x80 - enabled
zdi-1: ZDI_IS2=0xb4
zdi-1: ZDI_IS1=0x39
zdi-1: ZDI_IS0=0xed             # OUT0 (0xb4),A - RAM-CTL
zdi-1: ZDI_IS1=0xff
zdi-1: ZDI_IS0=0x3e             # LD A, 0xff - 0xffc000 - 0xffffff
zdi-1: ZDI_IS2=0xb5
zdi-1: ZDI_IS1=0x39
zdi-1: ZDI_IS0=0xed             # OUT0 (0xb5),A - RAM-ADDR-U
zdi-1: ZDI_IS1=0x28
zdi-1: ZDI_IS0=0x3e             # LD A, 0x28 - 1WS, flash enabled
zdi-1: ZDI_IS2=0xf8
zdi-1: ZDI_IS1=0x39
zdi-1: ZDI_IS0=0xed             # OUT0 (0xf8),A - FLASH-CTRL
zdi-1: ZDI_IS1=0x0
zdi-1: ZDI_IS0=0x3e             # LD A, 0x0 - 0x000000
zdi-1: ZDI_IS2=0xf7
zdi-1: ZDI_IS1=0x39
zdi-1: ZDI_IS0=0xed             # OUT0 (0xf7),A - FLASH-ADDR-U
zdi-1: ZDI_WR_U=0x0             # SET PC to 0x000000
zdi-1: ZDI_WR_H=0x0
zdi-1: ZDI_WR_L=0x0
zdi-1: ZDI_RW_CTL:Write PC=0x0
zdi-1: ZDI_WR_U=0xa             # SET SPL to 0x0a0000
zdi-1: ZDI_WR_H=0x0
zdi-1: ZDI_WR_L=0x0
zdi-1: ZDI_RW_CTL:Write SP=0xa0000
zdi-1: ZDI_RW_CTL:Reset ADL
zdi-1: ZDI_WR_H=0xff
zdi-1: ZDI_WR_L=0xff            # SET SPS to 0xffff
zdi-1: ZDI_RW_CTL:Write SP=0xaffff
zdi-1: ZDI_RW_CTL:Read BC
zdi-1: ZDI_RW_CTL:Set ADL
## RUN TO BP 0x000003 ###########################
zdi-1: ZDI_BRK_CTL=BN
zdi-1: ZDI_STAT=ZhAMi
zdi-1: ZDI_RW_CTL:Set ADL
zdi-1: ZDI_RW_CTL:Read PC
zdi-1: ZDI_RD_L=0x0
zdi-1: ZDI_RD_H=0x0
zdi-1: ZDI_RD_U=0x0
zdi-1: ZDI_RW_CTL:Set ADL
zdi-1: ZDI_ADDR0_U=0x0          # SET ADDR0 to 0x0008f6 => _main
zdi-1: ZDI_ADDR0_H=0x8
zdi-1: ZDI_ADDR0_L=0xf6
zdi-1: ZDI_STAT=ZhAMi
zdi-1: ZDI_RW_CTL:Set ADL
zdi-1: ZDI_RW_CTL:Read PC
zdi-1: ZDI_RD_L=0x0
zdi-1: ZDI_RD_H=0x0
zdi-1: ZDI_RD_U=0x0
zdi-1: ZDI_RW_CTL:Set ADL
zdi-1: ZDI_BRK_CTL=B1B0S        # enable BP0,BP1 and STEP
zdi-1: ZDI_STAT=ZhAMi
zdi-1: ZDI_STAT=ZhAMi
zdi-1: ZDI_STAT=ZhAMi
zdi-1: ZDI_STAT=ZhAMi
zdi-1: ZDI_RW_CTL:Set ADL
zdi-1: ZDI_RW_CTL:Read PC
zdi-1: ZDI_RD_L=0x3
zdi-1: ZDI_RD_H=0x0
zdi-1: ZDI_RD_U=0x0
zdi-1: ZDI_RW_CTL:Set ADL
zdi-1: ZDI_BRK_CTL=BNB1         # enable BN, BP1, disable STEP
zdi-1: ZDI_STAT=ZhAMi
zdi-1: ZDI_RW_CTL:Set ADL
zdi-1: ZDI_RW_CTL:Read PC       # read values of all registers
zdi-1: ZDI_RD_L=0x3
zdi-1: ZDI_RD_H=0x0
zdi-1: ZDI_RD_U=0x0
zdi-1: ZDI_RW_CTL:Set ADL
zdi-1: ZDI_STAT=ZhAMi
zdi-1: ZDI_RW_CTL:Set ADL
zdi-1: ZDI_RW_CTL:Read IX
zdi-1: ZDI_RD_L=0xee
zdi-1: ZDI_RD_H=0xff
zdi-1: ZDI_RD_U=0xb
zdi-1: ZDI_RW_CTL:Set ADL
zdi-1: ZDI_STAT=ZhAMi
zdi-1: ZDI_STAT=ZhAMi
zdi-1: ZDI_RW_CTL:Set ADL
zdi-1: ZDI_RW_CTL:Read {MBASE, A, F}
zdi-1: ZDI_RD_L=0x0
zdi-1: ZDI_RD_H=0x54
zdi-1: ZDI_RW_CTL:Read BC
zdi-1: ZDI_RD_L=0x0
zdi-1: ZDI_RD_H=0x0
zdi-1: ZDI_RD_U=0x0
zdi-1: ZDI_RW_CTL:Read DE
zdi-1: ZDI_RD_L=0x19
zdi-1: ZDI_RD_H=0x3
zdi-1: ZDI_RD_U=0x4
zdi-1: ZDI_RW_CTL:Read HL
zdi-1: ZDI_RD_L=0x19
zdi-1: ZDI_RD_H=0x3
zdi-1: ZDI_RD_U=0x4
zdi-1: ZDI_RW_CTL:Read HL
zdi-1: ZDI_RW_CTL:Read {MBASE, A, F}
zdi-1: ZDI_RD_L=0x0
zdi-1: ZDI_RD_H=0x0
zdi-1: ZDI_RW_CTL:Read {MBASE, A, F}
zdi-1: ZDI_RW_CTL:Read {MBASE, A, F}
zdi-1: ZDI_RW_CTL:Read BC
zdi-1: ZDI_RD_L=0xff
zdi-1: ZDI_RD_H=0xff
zdi-1: ZDI_RD_U=0xff
zdi-1: ZDI_RW_CTL:Read BC
zdi-1: ZDI_RW_CTL:Read BC
zdi-1: ZDI_RW_CTL:Read DE
zdi-1: ZDI_RD_L=0xff
zdi-1: ZDI_RD_H=0xff
zdi-1: ZDI_RD_U=0xff
zdi-1: ZDI_RW_CTL:Read DE
zdi-1: ZDI_RW_CTL:Read DE
zdi-1: ZDI_RW_CTL:Read HL
zdi-1: ZDI_RD_L=0xff
zdi-1: ZDI_RD_H=0xff
zdi-1: ZDI_RD_U=0xbf
zdi-1: ZDI_RW_CTL:Read HL
zdi-1: ZDI_RW_CTL:Read IX
zdi-1: ZDI_RD_L=0xee
zdi-1: ZDI_RD_H=0xff
zdi-1: ZDI_RD_U=0xb
zdi-1: ZDI_RW_CTL:Read IY
zdi-1: ZDI_RD_L=0x77
zdi-1: ZDI_RD_H=0x9d
zdi-1: ZDI_RD_U=0x0
zdi-1: ZDI_RW_CTL:Read PC
zdi-1: ZDI_RD_L=0x3
zdi-1: ZDI_RD_H=0x0
zdi-1: ZDI_RD_U=0x0
zdi-1: ZDI_RW_CTL:Read {MBASE, A, F}
zdi-1: ZDI_RD_U=0x0
zdi-1: ZDI_IS1=0x57
zdi-1: ZDI_IS0=0xed
zdi-1: ZDI_RW_CTL:Read {MBASE, A, F}
zdi-1: ZDI_RD_L=0x1
zdi-1: ZDI_IS1=0x5f
zdi-1: ZDI_IS0=0xed
zdi-1: ZDI_RW_CTL:Read {MBASE, A, F}
zdi-1: ZDI_RD_L=0x1b
zdi-1: ZDI_RD_H=0x0
zdi-1: ZDI_RW_CTL:Read SP
zdi-1: ZDI_RD_L=0x0
zdi-1: ZDI_RD_H=0x0
zdi-1: ZDI_RD_U=0xa
zdi-1: ZDI_RW_CTL:Set ADL
zdi-1: ZDI_RW_CTL:Reset ADL
zdi-1: ZDI_RW_CTL:Read SP
zdi-1: ZDI_RD_L=0xff
zdi-1: ZDI_RD_H=0xff
zdi-1: ZDI_RW_CTL:Set ADL
zdi-1: ZDI_WR_U=0x0
zdi-1: ZDI_WR_H=0x0
zdi-1: ZDI_WR_L=0x3
zdi-1: ZDI_RW_CTL:Write PC=0x3
zdi-1: ZDI_RW_CTL:Write PC=0x3
zdi-1: ZDI_RD_U=0x0
zdi-1: ZDI_WR_U=0x0
zdi-1: ZDI_WR_H=0x54
zdi-1: ZDI_WR_L=0x0
zdi-1: ZDI_RW_CTL:Write {MBASE, A, F}=0x5400
zdi-1: ZDI_STAT=ZhAMi
zdi-1: ZDI_RW_CTL:Set ADL
zdi-1: ZDI_RW_CTL:Read PC
zdi-1: ZDI_RD_L=0x3
zdi-1: ZDI_RD_H=0x0
zdi-1: ZDI_RD_U=0x0
zdi-1: ZDI_RW_CTL:Set ADL
zdi-1: ZDI_STAT=ZhAMi
zdi-1: ZDI_RW_CTL:Set ADL
zdi-1: ZDI_RW_CTL:Read PC
zdi-1: ZDI_RD_L=0x3
zdi-1: ZDI_RD_H=0x0
zdi-1: ZDI_RD_U=0x0
zdi-1: ZDI_RW_CTL:Read {MBASE, A, F}
zdi-1: ZDI_RD_L=0x0
zdi-1: ZDI_RD_H=0x54
zdi-1: ZDI_RD_U=0x0
zdi-1: ZDI_IS2=0xdb
zdi-1: ZDI_IS1=0x38
zdi-1: ZDI_IS0=0xed
zdi-1: ZDI_RW_CTL:Read {MBASE, A, F}
zdi-1: ZDI_RD_L=0x0
zdi-1: ZDI_IS2=0xdc
zdi-1: ZDI_IS1=0x38
zdi-1: ZDI_IS0=0xed
zdi-1: ZDI_RW_CTL:Read {MBASE, A, F}
zdi-1: ZDI_RD_L=0x0
zdi-1: ZDI_WR_L=0x3
zdi-1: ZDI_WR_H=0x0
zdi-1: ZDI_WR_U=0x0
zdi-1: ZDI_RW_CTL:Write PC=0x3
zdi-1: ZDI_WR_L=0x0
zdi-1: ZDI_WR_H=0x54
zdi-1: ZDI_WR_U=0x0
zdi-1: ZDI_RW_CTL:Write {MBASE, A, F}=0x5400
zdi-1: ZDI_RW_CTL:Set ADL
zdi-1: ZDI_STAT=ZhAMi
zdi-1: ZDI_RW_CTL:Set ADL
zdi-1: ZDI_RW_CTL:Read PC
zdi-1: ZDI_RD_L=0x3
zdi-1: ZDI_RD_H=0x0
zdi-1: ZDI_RD_U=0x0
zdi-1: ZDI_RW_CTL:Set ADL
zdi-1: ZDI_STAT=ZhAMi
zdi-1: ZDI_RW_CTL:Set ADL
zdi-1: ZDI_RW_CTL:Read IX
zdi-1: ZDI_RD_L=0xee
zdi-1: ZDI_RD_H=0xff
zdi-1: ZDI_RD_U=0xb
zdi-1: ZDI_RW_CTL:Set ADL
zdi-1: ZDI_STAT=ZhAMi
zdi-1: ZDI_STAT=ZhAMi
zdi-1: ZDI_RW_CTL:Set ADL
zdi-1: ZDI_RW_CTL:Read {MBASE, A, F}
zdi-1: ZDI_RD_L=0x0
zdi-1: ZDI_RD_H=0x54
zdi-1: ZDI_RW_CTL:Read BC
zdi-1: ZDI_RD_L=0x0
zdi-1: ZDI_RD_H=0x0
zdi-1: ZDI_RD_U=0x0
zdi-1: ZDI_RW_CTL:Read DE
zdi-1: ZDI_RD_L=0x19
zdi-1: ZDI_RD_H=0x3
zdi-1: ZDI_RD_U=0x4
zdi-1: ZDI_RW_CTL:Read HL
zdi-1: ZDI_RD_L=0x19
zdi-1: ZDI_RD_H=0x3
zdi-1: ZDI_RD_U=0x4
zdi-1: ZDI_RW_CTL:Read HL
zdi-1: ZDI_RW_CTL:Read {MBASE, A, F}
zdi-1: ZDI_RD_L=0x0
zdi-1: ZDI_RD_H=0x0
zdi-1: ZDI_RW_CTL:Read {MBASE, A, F}
zdi-1: ZDI_RW_CTL:Read {MBASE, A, F}
zdi-1: ZDI_RW_CTL:Read BC
zdi-1: ZDI_RD_L=0xff
zdi-1: ZDI_RD_H=0xff
zdi-1: ZDI_RD_U=0xff
zdi-1: ZDI_RW_CTL:Read BC
zdi-1: ZDI_RW_CTL:Read BC
zdi-1: ZDI_RW_CTL:Read DE
zdi-1: ZDI_RD_L=0xff
zdi-1: ZDI_RD_H=0xff
zdi-1: ZDI_RD_U=0xff
zdi-1: ZDI_RW_CTL:Read DE
zdi-1: ZDI_RW_CTL:Read DE
zdi-1: ZDI_RW_CTL:Read HL
zdi-1: ZDI_RD_L=0xff
zdi-1: ZDI_RD_H=0xff
zdi-1: ZDI_RD_U=0xbf
zdi-1: ZDI_RW_CTL:Read HL
zdi-1: ZDI_RW_CTL:Read IX
zdi-1: ZDI_RD_L=0xee
zdi-1: ZDI_RD_H=0xff
zdi-1: ZDI_RD_U=0xb
zdi-1: ZDI_RW_CTL:Read IY
zdi-1: ZDI_RD_L=0x77
zdi-1: ZDI_RD_H=0x9d
zdi-1: ZDI_RD_U=0x0
zdi-1: ZDI_RW_CTL:Read PC
zdi-1: ZDI_RD_L=0x3
zdi-1: ZDI_RD_H=0x0
zdi-1: ZDI_RD_U=0x0
zdi-1: ZDI_RW_CTL:Read {MBASE, A, F}
zdi-1: ZDI_RD_U=0x0
zdi-1: ZDI_IS1=0x57
zdi-1: ZDI_IS0=0xed
zdi-1: ZDI_RW_CTL:Read {MBASE, A, F}
zdi-1: ZDI_RD_L=0x1
zdi-1: ZDI_IS1=0x5f
zdi-1: ZDI_IS0=0xed
zdi-1: ZDI_RW_CTL:Read {MBASE, A, F}
zdi-1: ZDI_RD_L=0x23
zdi-1: ZDI_RD_H=0x0
zdi-1: ZDI_RW_CTL:Read SP
zdi-1: ZDI_RD_L=0x0
zdi-1: ZDI_RD_H=0x0
zdi-1: ZDI_RD_U=0xa
zdi-1: ZDI_RW_CTL:Set ADL
zdi-1: ZDI_RW_CTL:Reset ADL
zdi-1: ZDI_RW_CTL:Read SP
zdi-1: ZDI_RD_L=0xff
zdi-1: ZDI_RD_H=0xff
zdi-1: ZDI_RW_CTL:Set ADL
zdi-1: ZDI_WR_U=0x0
zdi-1: ZDI_WR_H=0x0
zdi-1: ZDI_WR_L=0x3
zdi-1: ZDI_RW_CTL:Write PC=0x3
zdi-1: ZDI_RW_CTL:Write PC=0x3
zdi-1: ZDI_RD_U=0x0
zdi-1: ZDI_WR_U=0x0
zdi-1: ZDI_WR_H=0x54
zdi-1: ZDI_WR_L=0x0
zdi-1: ZDI_RW_CTL:Write {MBASE, A, F}=0x5400
zdi-1: ZDI_STAT=ZhAMi
zdi-1: ZDI_RW_CTL:Set ADL
zdi-1: ZDI_RW_CTL:Read PC
zdi-1: ZDI_RD_L=0x3
zdi-1: ZDI_RD_H=0x0
zdi-1: ZDI_RD_U=0x0
zdi-1: ZDI_RW_CTL:Set ADL
zdi-1: ZDI_STAT=ZhAMi
zdi-1: ZDI_RW_CTL:Set ADL
zdi-1: ZDI_RW_CTL:Read PC
zdi-1: ZDI_RD_L=0x3
zdi-1: ZDI_RD_H=0x0
zdi-1: ZDI_RD_U=0x0
zdi-1: ZDI_RW_CTL:Read {MBASE, A, F}
zdi-1: ZDI_RD_L=0x0
zdi-1: ZDI_RD_H=0x54
zdi-1: ZDI_RD_U=0x0
zdi-1: ZDI_IS2=0xdb
zdi-1: ZDI_IS1=0x38
zdi-1: ZDI_IS0=0xed
zdi-1: ZDI_RW_CTL:Read {MBASE, A, F}
zdi-1: ZDI_RD_L=0x0
zdi-1: ZDI_IS2=0xdc
zdi-1: ZDI_IS1=0x38
zdi-1: ZDI_IS0=0xed
zdi-1: ZDI_RW_CTL:Read {MBASE, A, F}
zdi-1: ZDI_RD_L=0x0
zdi-1: ZDI_WR_L=0x3
zdi-1: ZDI_WR_H=0x0
zdi-1: ZDI_WR_U=0x0
zdi-1: ZDI_RW_CTL:Write PC=0x3
zdi-1: ZDI_WR_L=0x0
zdi-1: ZDI_WR_H=0x54
zdi-1: ZDI_WR_U=0x0
zdi-1: ZDI_RW_CTL:Write {MBASE, A, F}=0x5400
zdi-1: ZDI_RW_CTL:Set ADL
zdi-1: ZDI_STAT=ZhAMi
zdi-1: ZDI_STAT=ZhAMi
zdi-1: ZDI_STAT=ZhAMi
zdi-1: ZDI_STAT=ZhAMi
zdi-1: ZDI_STAT=ZhAMi
zdi-1: ZDI_STAT=ZhAMi
zdi-1: ZDI_STAT=ZhAMi
zdi-1: ZDI_STAT=ZhAMi
zdi-1: ZDI_STAT=ZhAMi
zdi-1: ZDI_STAT=ZhAMi
zdi-1: ZDI_STAT=ZhAMi
zdi-1: ZDI_STAT=ZhAMi
zdi-1: ZDI_STAT=ZhAMi
zdi-1: ZDI_STAT=ZhAMi
zdi-1: ZDI_STAT=ZhAMi
zdi-1: ZDI_STAT=ZhAMi
zdi-1: ZDI_STAT=ZhAMi
zdi-1: ZDI_STAT=ZhAMi
zdi-1: ZDI_STAT=ZhAMi
zdi-1: ZDI_STAT=ZhAMi
zdi-1: ZDI_STAT=ZhAMi
zdi-1: ZDI_STAT=ZhAMi
zdi-1: ZDI_STAT=ZhAMi
zdi-1: ZDI_STAT=ZhAMi
zdi-1: ZDI_STAT=ZhAMi
zdi-1: ZDI_STAT=ZhAMi
zdi-1: ZDI_STAT=ZhAMi
zdi-1: ZDI_STAT=ZhAMi
zdi-1: ZDI_STAT=ZhAMi
zdi-1: ZDI_STAT=ZhAMi
zdi-1: ZDI_STAT=ZhAMi
zdi-1: ZDI_STAT=ZhAMi
zdi-1: ZDI_STAT=ZhAMi
zdi-1: ZDI_STAT=ZhAMi
zdi-1: ZDI_STAT=ZhAMi
zdi-1: ZDI_STAT=ZhAMi
zdi-1: ZDI_STAT=ZhAMi
zdi-1: ZDI_STAT=ZhAMi
zdi-1: ZDI_STAT=ZhAMi
zdi-1: ZDI_STAT=ZhAMi
zdi-1: ZDI_STAT=ZhAMi
zdi-1: ZDI_STAT=ZhAMi
zdi-1: ZDI_STAT=ZhAMi
zdi-1: ZDI_STAT=ZhAMi
zdi-1: ZDI_STAT=ZhAMi
zdi-1: ZDI_STAT=ZhAMi
zdi-1: ZDI_STAT=ZhAMi
zdi-1: ZDI_STAT=ZhAMi
zdi-1: ZDI_STAT=ZhAMi
zdi-1: ZDI_STAT=ZhAMi
zdi-1: ZDI_STAT=ZhAMi
zdi-1: ZDI_STAT=ZhAMi
zdi-1: ZDI_STAT=ZhAMi
zdi-1: ZDI_STAT=ZhAMi
zdi-1: ZDI_STAT=ZhAMi
zdi-1: ZDI_STAT=ZhAMi
zdi-1: ZDI_STAT=ZhAMi
zdi-1: ZDI_STAT=ZhAMi
zdi-1: ZDI_STAT=ZhAMi
zdi-1: ZDI_STAT=ZhAMi
zdi-1: ZDI_STAT=ZhAMi
zdi-1: ZDI_STAT=ZhAMi
zdi-1: ZDI_STAT=ZhAMi
zdi-1: ZDI_STAT=ZhAMi
zdi-1: ZDI_STAT=ZhAMi
zdi-1: ZDI_STAT=ZhAMi
zdi-1: ZDI_STAT=ZhAMi
zdi-1: ZDI_STAT=ZhAMi
zdi-1: ZDI_STAT=ZhAMi
zdi-1: ZDI_STAT=ZhAMi
## STEP INTO ####################################
zdi-1: ZDI_BRK_CTL=BNS
zdi-1: ZDI_BRK_CTL=BNB1
zdi-1: ZDI_STAT=ZhAMi
zdi-1: ZDI_RW_CTL:Set ADL
zdi-1: ZDI_RW_CTL:Read PC
zdi-1: ZDI_RD_L=0xcc
zdi-1: ZDI_RD_H=0x4
zdi-1: ZDI_RD_U=0x0
zdi-1: ZDI_RW_CTL:Set ADL
zdi-1: ZDI_STAT=ZhAMi
zdi-1: ZDI_RW_CTL:Set ADL
zdi-1: ZDI_RW_CTL:Read PC
zdi-1: ZDI_RD_L=0xcc
zdi-1: ZDI_RD_H=0x4
zdi-1: ZDI_RD_U=0x0
zdi-1: ZDI_RW_CTL:Set ADL
zdi-1: ZDI_STAT=ZhAMi
zdi-1: ZDI_RW_CTL:Set ADL
zdi-1: ZDI_RW_CTL:Read PC
zdi-1: ZDI_RD_L=0xcc
zdi-1: ZDI_RD_H=0x4
zdi-1: ZDI_RD_U=0x0
zdi-1: ZDI_RW_CTL:Set ADL
zdi-1: ZDI_STAT=ZhAMi
zdi-1: ZDI_RW_CTL:Set ADL
zdi-1: ZDI_RW_CTL:Read IX
zdi-1: ZDI_RD_L=0xee
zdi-1: ZDI_RD_H=0xff
zdi-1: ZDI_RD_U=0xb
zdi-1: ZDI_RW_CTL:Set ADL
zdi-1: ZDI_STAT=ZhAMi
zdi-1: ZDI_RW_CTL:Read PC
zdi-1: ZDI_RD_L=0xcc
zdi-1: ZDI_RD_H=0x4
zdi-1: ZDI_RD_U=0x0
zdi-1: ZDI_STAT=ZhAMi
zdi-1: ZDI_RW_CTL:Set ADL
zdi-1: ZDI_WR_U=0x0
zdi-1: ZDI_WR_H=0x4
zdi-1: ZDI_WR_L=0xcb
zdi-1: ZDI_RW_CTL:Write PC=0x4cb
zdi-1: ZDI_RD_MEM=0xcc
zdi-1: ZDI_RD_MEM=0x7d
zdi-1: ZDI_RD_MEM=0xff
zdi-1: ZDI_RD_MEM=0xdb
zdi-1: ZDI_RD_MEM=0x73
zdi-1: ZDI_RD_MEM=0x37
zdi-1: ZDI_RD_MEM=0xdb
zdi-1: ZDI_RD_MEM=0x73
zdi-1: ZDI_RD_MEM=0x3f
zdi-1: ZDI_RD_MEM=0xdb
zdi-1: ZDI_RD_MEM=0x73
zdi-1: ZDI_RD_MEM=0x47
zdi-1: ZDI_RD_MEM=0x7c
zdi-1: ZDI_RD_MEM=0x0
zdi-1: ZDI_RD_MEM=0xdb
zdi-1: ZDI_RD_MEM=0x73
zdi-1: ZDI_RD_MEM=0x38
zdi-1: ZDI_RD_MEM=0xdb
zdi-1: ZDI_RD_MEM=0x73
zdi-1: ZDI_RD_MEM=0x40
zdi-1: ZDI_RD_MEM=0xdb
zdi-1: ZDI_RD_MEM=0x73
zdi-1: ZDI_RD_MEM=0x48
zdi-1: ZDI_RD_MEM=0xdb
zdi-1: ZDI_RD_MEM=0x73
zdi-1: ZDI_RD_MEM=0x3b
zdi-1: ZDI_RD_MEM=0xdb
zdi-1: ZDI_RD_MEM=0x73
zdi-1: ZDI_RD_MEM=0x43
zdi-1: ZDI_RD_MEM=0xdb
zdi-1: ZDI_RD_MEM=0x73
zdi-1: ZDI_RD_MEM=0x4b
zdi-1: ZDI_RD_MEM=0xdb
zdi-1: ZDI_RD_MEM=0x73
zdi-1: ZDI_RD_MEM=0x0
zdi-1: ZDI_RD_MEM=0xdb
zdi-1: ZDI_RD_MEM=0x73
zdi-1: ZDI_RD_MEM=0x7
zdi-1: ZDI_RD_MEM=0xdb
zdi-1: ZDI_RD_MEM=0x73
zdi-1: ZDI_RD_MEM=0xd
zdi-1: ZDI_RD_MEM=0xdb
zdi-1: ZDI_RD_MEM=0x73
zdi-1: ZDI_RD_MEM=0x13
zdi-1: ZDI_RD_MEM=0xdb
zdi-1: ZDI_RD_MEM=0x73
zdi-1: ZDI_RD_MEM=0x18
zdi-1: ZDI_RD_MEM=0xdb
zdi-1: ZDI_RD_MEM=0x73
zdi-1: ZDI_RD_MEM=0x1f
zdi-1: ZDI_RD_MEM=0xdb
zdi-1: ZDI_RD_MEM=0x73
zdi-1: ZDI_RD_MEM=0x83
zdi-1: ZDI_RD_MEM=0xdb
zdi-1: ZDI_RD_MEM=0x73
zdi-1: ZDI_RD_MEM=0xa3
zdi-1: ZDI_RD_MEM=0xdb
zdi-1: ZDI_RD_MEM=0x73
zdi-1: ZDI_RD_MEM=0x97
zdi-1: ZDI_RD_MEM=0xdb
zdi-1: ZDI_RD_MEM=0x73
zdi-1: ZDI_RD_MEM=0xf7
zdi-1: ZDI_RD_MEM=0x7c
zdi-1: ZDI_RD_MEM=0x8
zdi-1: ZDI_RD_MEM=0xdb
zdi-1: ZDI_RD_MEM=0x73
zdi-1: ZDI_RD_MEM=0x74
zdi-1: ZDI_RD_MEM=0xdb
zdi-1: ZDI_RD_MEM=0x70
zdi-1: ZDI_RD_MEM=0xdb
zdi-1: ZDI_RD_MEM=0xcd
zdi-1: ZDI_RD_MEM=0x7c
zdi-1: ZDI_RD_MEM=0xdb
zdi-1: ZDI_RD_MEM=0x73
zdi-1: ZDI_RD_MEM=0xdb
zdi-1: ZDI_RD_MEM=0x7c
zdi-1: ZDI_RD_MEM=0x8
zdi-1: ZDI_RD_MEM=0xdb
zdi-1: ZDI_RD_MEM=0x73
zdi-1: ZDI_RD_MEM=0x50
zdi-1: ZDI_RD_MEM=0x7c
zdi-1: ZDI_RD_MEM=0x17
zdi-1: ZDI_RD_MEM=0xdb
zdi-1: ZDI_RD_MEM=0x73
zdi-1: ZDI_RD_MEM=0x53
zdi-1: ZDI_RD_MEM=0x7c
zdi-1: ZDI_RD_MEM=0x3
zdi-1: ZDI_RD_MEM=0xdb
zdi-1: ZDI_RD_MEM=0x73
zdi-1: ZDI_RD_MEM=0xe0
zdi-1: ZDI_RD_MEM=0x7c
zdi-1: ZDI_RD_MEM=0x10
zdi-1: ZDI_RD_MEM=0xdb
zdi-1: ZDI_RD_MEM=0x73
zdi-1: ZDI_RD_MEM=0x54
zdi-1: ZDI_RD_MEM=0x7c
zdi-1: ZDI_RD_MEM=0x80
zdi-1: ZDI_RD_MEM=0xdb
zdi-1: ZDI_RD_MEM=0x73
zdi-1: ZDI_RD_MEM=0x57
zdi-1: ZDI_RD_MEM=0x7d
zdi-1: ZDI_RD_MEM=0x8f
zdi-1: ZDI_RD_MEM=0xdb
zdi-1: ZDI_RD_MEM=0x73
zdi-1: ZDI_RD_MEM=0x59
zdi-1: ZDI_RD_MEM=0x7c
zdi-1: ZDI_RD_MEM=0x0
zdi-1: ZDI_RD_MEM=0xdb
zdi-1: ZDI_RD_MEM=0x73
zdi-1: ZDI_RD_MEM=0xe3
zdi-1: ZDI_RD_MEM=0x7c
zdi-1: ZDI_RD_MEM=0x10
zdi-1: ZDI_RD_MEM=0xdb
zdi-1: ZDI_RD_MEM=0x73
zdi-1: ZDI_RD_MEM=0x5b
zdi-1: ZDI_RD_MEM=0x7c
zdi-1: ZDI_RD_MEM=0x0
zdi-1: ZDI_RD_MEM=0xdb
zdi-1: ZDI_RD_MEM=0x73
zdi-1: ZDI_RD_MEM=0x5c
zdi-1: ZDI_RD_MEM=0x7c
zdi-1: ZDI_RD_MEM=0x7f
zdi-1: ZDI_RD_MEM=0xdb
zdi-1: ZDI_RD_MEM=0x73
zdi-1: ZDI_RD_MEM=0x5f
zdi-1: ZDI_RD_MEM=0x7c
zdi-1: ZDI_RD_MEM=0x0
zdi-1: ZDI_RD_MEM=0xdb
zdi-1: ZDI_RD_MEM=0x73
zdi-1: ZDI_RD_MEM=0xe4
zdi-1: ZDI_RD_MEM=0x7d
zdi-1: ZDI_RD_MEM=0x10
zdi-1: ZDI_RD_MEM=0xdb
zdi-1: ZDI_RD_MEM=0x73
zdi-1: ZDI_RD_MEM=0x61
zdi-1: ZDI_RD_MEM=0x7c
zdi-1: ZDI_RD_MEM=0x7
zdi-1: ZDI_RD_MEM=0xdb
zdi-1: ZDI_RD_MEM=0x73
zdi-1: ZDI_RD_MEM=0x63
zdi-1: ZDI_RD_MEM=0x7c
zdi-1: ZDI_RD_MEM=0x7
zdi-1: ZDI_RD_MEM=0xdb
zdi-1: ZDI_RD_MEM=0x73
zdi-1: ZDI_RD_MEM=0x64
zdi-1: ZDI_RD_MEM=0x7c
zdi-1: ZDI_RD_MEM=0x4
zdi-1: ZDI_RD_MEM=0xdb
zdi-1: ZDI_RD_MEM=0x73
zdi-1: ZDI_RD_MEM=0xe7
zdi-1: ZDI_RD_MEM=0x7c
zdi-1: ZDI_RD_MEM=0x30
zdi-1: ZDI_RD_MEM=0xdb
zdi-1: ZDI_RD_MEM=0x73
zdi-1: ZDI_RD_MEM=0x67
zdi-1: ZDI_RD_MEM=0x7c
zdi-1: ZDI_RD_MEM=0x0
zdi-1: ZDI_RD_MEM=0xdb
zdi-1: ZDI_RD_MEM=0x73
zdi-1: ZDI_RD_MEM=0xef
zdi-1: ZDI_RD_MEM=0x7d
zdi-1: ZDI_RD_MEM=0x50
zdi-1: ZDI_RD_MEM=0xdb
zdi-1: ZDI_RD_MEM=0x73
zdi-1: ZDI_RD_MEM=0xf0
zdi-1: ZDI_RD_MEM=0x7c
zdi-1: ZDI_RD_MEM=0xff
zdi-1: ZDI_RD_MEM=0xdb
zdi-1: ZDI_RD_MEM=0x73
zdi-1: ZDI_RD_MEM=0x6b
zdi-1: ZDI_RD_MEM=0x7c
zdi-1: ZDI_RD_MEM=0x0
zdi-1: ZDI_RD_MEM=0xdb
zdi-1: ZDI_RD_MEM=0x73
zdi-1: ZDI_RD_MEM=0x68
zdi-1: ZDI_RD_MEM=0x63
zdi-1: ZDI_RD_MEM=0x0
zdi-1: ZDI_RD_MEM=0x0
zdi-1: ZDI_RD_MEM=0x18
zdi-1: ZDI_RD_MEM=0xdb
zdi-1: ZDI_RD_MEM=0xaf
zdi-1: ZDI_RD_MEM=0x6f
zdi-1: ZDI_RD_MEM=0x7c
zdi-1: ZDI_RD_MEM=0x3
zdi-1: ZDI_RD_MEM=0x50
zdi-1: ZDI_RD_MEM=0x3
zdi-1: ZDI_RD_MEM=0x7b
zdi-1: ZDI_RD_MEM=0xeb
zdi-1: ZDI_RD_MEM=0x9b
zdi-1: ZDI_RD_MEM=0x68
zdi-1: ZDI_RD_MEM=0xc
zdi-1: ZDI_RD_MEM=0x0
zdi-1: ZDI_RD_MEM=0x7c
zdi-1: ZDI_RD_MEM=0x13
zdi-1: ZDI_RD_MEM=0xc
zdi-1: ZDI_RD_MEM=0x4
zdi-1: ZDI_RD_MEM=0x9b
zdi-1: ZDI_RD_MEM=0x2f
zdi-1: ZDI_RD_MEM=0x7
zdi-1: ZDI_RD_MEM=0x0
zdi-1: ZDI_RD_MEM=0x7c
zdi-1: ZDI_RD_MEM=0x3
zdi-1: ZDI_RD_MEM=0x6f
zdi-1: ZDI_RD_MEM=0x50
zdi-1: ZDI_RD_MEM=0x13
zdi-1: ZDI_RD_MEM=0x9b
zdi-1: ZDI_RD_MEM=0xfc
zdi-1: ZDI_RD_MEM=0x8
zdi-1: ZDI_RD_MEM=0x0
zdi-1: ZDI_RD_MEM=0xe3
zdi-1: ZDI_RD_MEM=0x64
zdi-1: ZDI_RD_MEM=0x7c
zdi-1: ZDI_RD_MEM=0x4
zdi-1: ZDI_RD_MEM=0x8
zdi-1: ZDI_RD_MEM=0x43
zdi-1: ZDI_RD_MEM=0x0
zdi-1: ZDI_RD_MEM=0x0
zdi-1: ZDI_RD_MEM=0x0
zdi-1: ZDI_RD_MEM=0xcb
zdi-1: ZDI_RD_MEM=0xbb
zdi-1: ZDI_RD_MEM=0x43
zdi-1: ZDI_RD_MEM=0x0
zdi-1: ZDI_RD_MEM=0x0
zdi-1: ZDI_RD_MEM=0x0
zdi-1: ZDI_RD_MEM=0xbb
zdi-1: ZDI_RD_MEM=0x73
zdi-1: ZDI_RD_MEM=0xbb
zdi-1: ZDI_RD_MEM=0xcb
zdi-1: ZDI_RD_MEM=0xc3
zdi-1: ZDI_RD_MEM=0x23
zdi-1: ZDI_RD_MEM=0x0
zdi-1: ZDI_RD_MEM=0x0
zdi-1: ZDI_RD_MEM=0x0
zdi-1: ZDI_RD_MEM=0x9b
zdi-1: ZDI_RD_MEM=0xec
zdi-1: ZDI_RD_MEM=0x10
zdi-1: ZDI_RD_MEM=0x0
zdi-1: ZDI_RD_MEM=0xa3
zdi-1: ZDI_RD_MEM=0x30
zdi-1: ZDI_RD_MEM=0xfc
zdi-1: ZDI_RD_MEM=0x0
zdi-1: ZDI_RD_MEM=0x80
zdi-1: ZDI_RD_MEM=0x33
zdi-1: ZDI_RD_MEM=0x3
zdi-1: ZDI_RD_MEM=0x60
zdi-1: ZDI_RD_MEM=0x0
zdi-1: ZDI_RD_MEM=0x9b
zdi-1: ZDI_RD_MEM=0x43
zdi-1: ZDI_RD_MEM=0xf
zdi-1: ZDI_RD_MEM=0x0
zdi-1: ZDI_RD_MEM=0xb7
zdi-1: ZDI_RD_MEM=0x93
zdi-1: ZDI_RD_MEM=0x9b
zdi-1: ZDI_RD_MEM=0x5b
zdi-1: ZDI_RD_MEM=0x10
zdi-1: ZDI_RD_MEM=0x0
zdi-1: ZDI_RD_MEM=0xb7
zdi-1: ZDI_RD_MEM=0x93
zdi-1: ZDI_RD_MEM=0xbb
zdi-1: ZDI_RD_MEM=0x44
zdi-1: ZDI_RD_MEM=0x9c
zdi-1: ZDI_RD_MEM=0x4
zdi-1: ZDI_RD_MEM=0x8
zdi-1: ZDI_RD_MEM=0xb7
zdi-1: ZDI_RD_MEM=0x93
zdi-1: ZDI_RD_MEM=0x9b
zdi-1: ZDI_RD_MEM=0xd7
zdi-1: ZDI_RD_MEM=0x10
zdi-1: ZDI_RD_MEM=0x0
zdi-1: ZDI_RD_MEM=0xb7
zdi-1: ZDI_RD_MEM=0x93
zdi-1: ZDI_RD_MEM=0xeb
zdi-1: ZDI_RD_MEM=0x9b
zdi-1: ZDI_RD_MEM=0x30
zdi-1: ZDI_RD_MEM=0x30
zdi-1: ZDI_RD_MEM=0x0
zdi-1: ZDI_RD_MEM=0xe7
zdi-1: ZDI_RD_MEM=0xd4
zdi-1: ZDI_RD_MEM=0xd7
zdi-1: ZDI_RD_MEM=0xb
zdi-1: ZDI_RD_MEM=0x0
zdi-1: ZDI_RD_MEM=0xe3
zdi-1: ZDI_RD_MEM=0x9b
zdi-1: ZDI_RD_MEM=0x50
zdi-1: ZDI_RD_MEM=0x30
zdi-1: ZDI_RD_MEM=0x0
zdi-1: ZDI_RD_MEM=0xb7
zdi-1: ZDI_RD_MEM=0x93
zdi-1: ZDI_RD_MEM=0xe3
zdi-1: ZDI_RD_MEM=0x9b
zdi-1: ZDI_RD_MEM=0x50
zdi-1: ZDI_RD_MEM=0x30
zdi-1: ZDI_RD_MEM=0x0
zdi-1: ZDI_RD_MEM=0xf7
zdi-1: ZDI_RD_MEM=0xb7
zdi-1: ZDI_RD_MEM=0x93
zdi-1: ZDI_RD_MEM=0xeb
zdi-1: ZDI_RD_MEM=0xcb
zdi-1: ZDI_RD_MEM=0x43
zdi-1: ZDI_RD_MEM=0x20
zdi-1: ZDI_RD_MEM=0xb
zdi-1: ZDI_RD_MEM=0x8
zdi-1: ZDI_RW_CTL:Read PC
zdi-1: ZDI_RD_L=0xfa
zdi-1: ZDI_RD_H=0x5
zdi-1: ZDI_RD_U=0x0
zdi-1: ZDI_WR_L=0xf7
zdi-1: ZDI_WR_H=0x5
zdi-1: ZDI_WR_U=0x0
zdi-1: ZDI_RW_CTL:Write PC=0x5f7
zdi-1: ZDI_WR_L=0xcc
zdi-1: ZDI_WR_H=0x4
zdi-1: ZDI_WR_U=0x0
zdi-1: ZDI_RW_CTL:Write PC=0x4cc
zdi-1: ZDI_RW_CTL:Set ADL
zdi-1: ZDI_STAT=ZhAMi
zdi-1: ZDI_STAT=ZhAMi
zdi-1: ZDI_RW_CTL:Set ADL
zdi-1: ZDI_RW_CTL:Read {MBASE, A, F}
zdi-1: ZDI_RD_U=0x0
zdi-1: ZDI_RW_CTL:Set ADL
zdi-1: ZDI_STAT=ZhAMi
zdi-1: ZDI_RW_CTL:Set ADL
zdi-1: ZDI_RW_CTL:Read {MBASE, A, F}
zdi-1: ZDI_RD_L=0x0
zdi-1: ZDI_RD_H=0x54
zdi-1: ZDI_RW_CTL:Read BC
zdi-1: ZDI_RD_L=0x0
zdi-1: ZDI_RD_H=0x0
zdi-1: ZDI_RD_U=0x0
zdi-1: ZDI_RW_CTL:Read DE
zdi-1: ZDI_RD_L=0x19
zdi-1: ZDI_RD_H=0x3
zdi-1: ZDI_RD_U=0x4
zdi-1: ZDI_RW_CTL:Read HL
zdi-1: ZDI_RD_L=0x19
zdi-1: ZDI_RD_H=0x3
zdi-1: ZDI_RD_U=0x4
zdi-1: ZDI_RW_CTL:Read HL
zdi-1: ZDI_RW_CTL:Read {MBASE, A, F}
zdi-1: ZDI_RD_L=0x0
zdi-1: ZDI_RD_H=0x0
zdi-1: ZDI_RW_CTL:Read {MBASE, A, F}
zdi-1: ZDI_RW_CTL:Read {MBASE, A, F}
zdi-1: ZDI_RW_CTL:Read BC
zdi-1: ZDI_RD_L=0xff
zdi-1: ZDI_RD_H=0xff
zdi-1: ZDI_RD_U=0xff
zdi-1: ZDI_RW_CTL:Read BC
zdi-1: ZDI_RW_CTL:Read BC
zdi-1: ZDI_RW_CTL:Read DE
zdi-1: ZDI_RD_L=0xff
zdi-1: ZDI_RD_H=0xff
zdi-1: ZDI_RD_U=0xff
zdi-1: ZDI_RW_CTL:Read DE
zdi-1: ZDI_RW_CTL:Read DE
zdi-1: ZDI_RW_CTL:Read HL
zdi-1: ZDI_RD_L=0xff
zdi-1: ZDI_RD_H=0xff
zdi-1: ZDI_RD_U=0xbf
zdi-1: ZDI_RW_CTL:Read HL
zdi-1: ZDI_RW_CTL:Read IX
zdi-1: ZDI_RD_L=0xee
zdi-1: ZDI_RD_H=0xff
zdi-1: ZDI_RD_U=0xb
zdi-1: ZDI_RW_CTL:Read IY
zdi-1: ZDI_RD_L=0x77
zdi-1: ZDI_RD_H=0x9d
zdi-1: ZDI_RD_U=0x0
zdi-1: ZDI_RW_CTL:Read PC
zdi-1: ZDI_RD_L=0xcc
zdi-1: ZDI_RD_H=0x4
zdi-1: ZDI_RD_U=0x0
zdi-1: ZDI_RW_CTL:Read {MBASE, A, F}
zdi-1: ZDI_RD_U=0x0
zdi-1: ZDI_IS1=0x57
zdi-1: ZDI_IS0=0xed
zdi-1: ZDI_RW_CTL:Read {MBASE, A, F}
zdi-1: ZDI_RD_L=0x1
zdi-1: ZDI_IS1=0x5f
zdi-1: ZDI_IS0=0xed
zdi-1: ZDI_RW_CTL:Read {MBASE, A, F}
zdi-1: ZDI_RD_L=0x2d
zdi-1: ZDI_RD_H=0x0
zdi-1: ZDI_RW_CTL:Read SP
zdi-1: ZDI_RD_L=0x0
zdi-1: ZDI_RD_H=0x0
zdi-1: ZDI_RD_U=0xa
zdi-1: ZDI_RW_CTL:Set ADL
zdi-1: ZDI_RW_CTL:Reset ADL
zdi-1: ZDI_RW_CTL:Read SP
zdi-1: ZDI_RD_L=0xff
zdi-1: ZDI_RD_H=0xff
zdi-1: ZDI_RW_CTL:Set ADL
zdi-1: ZDI_WR_U=0x0
zdi-1: ZDI_WR_H=0x4
zdi-1: ZDI_WR_L=0xcc
zdi-1: ZDI_RW_CTL:Write PC=0x4cc
zdi-1: ZDI_RW_CTL:Write PC=0x4cc
zdi-1: ZDI_RD_U=0x0
zdi-1: ZDI_WR_U=0x0
zdi-1: ZDI_WR_H=0x54
zdi-1: ZDI_WR_L=0x0
zdi-1: ZDI_RW_CTL:Write {MBASE, A, F}=0x5400
zdi-1: ZDI_STAT=ZhAMi
zdi-1: ZDI_RW_CTL:Set ADL
zdi-1: ZDI_RW_CTL:Read PC
zdi-1: ZDI_RD_L=0xcc
zdi-1: ZDI_RD_H=0x4
zdi-1: ZDI_RD_U=0x0
zdi-1: ZDI_RW_CTL:Set ADL
zdi-1: ZDI_STAT=ZhAMi
zdi-1: ZDI_RW_CTL:Set ADL
zdi-1: ZDI_RW_CTL:Read PC
zdi-1: ZDI_RD_L=0xcc
zdi-1: ZDI_RD_H=0x4
zdi-1: ZDI_RD_U=0x0
zdi-1: ZDI_RW_CTL:Read {MBASE, A, F}
zdi-1: ZDI_RD_L=0x0
zdi-1: ZDI_RD_H=0x54
zdi-1: ZDI_RD_U=0x0
zdi-1: ZDI_IS2=0xdb
zdi-1: ZDI_IS1=0x38
zdi-1: ZDI_IS0=0xed
zdi-1: ZDI_RW_CTL:Read {MBASE, A, F}
zdi-1: ZDI_RD_L=0x0
zdi-1: ZDI_IS2=0xdc
zdi-1: ZDI_IS1=0x38
zdi-1: ZDI_IS0=0xed
zdi-1: ZDI_RW_CTL:Read {MBASE, A, F}
zdi-1: ZDI_RD_L=0x0
zdi-1: ZDI_WR_L=0xcc
zdi-1: ZDI_WR_H=0x4
zdi-1: ZDI_WR_U=0x0
zdi-1: ZDI_RW_CTL:Write PC=0x4cc
zdi-1: ZDI_WR_L=0x0
zdi-1: ZDI_WR_H=0x54
zdi-1: ZDI_WR_U=0x0
zdi-1: ZDI_RW_CTL:Write {MBASE, A, F}=0x5400
zdi-1: ZDI_RW_CTL:Set ADL
zdi-1: ZDI_STAT=ZhAMi
zdi-1: ZDI_STAT=ZhAMi
zdi-1: ZDI_STAT=ZhAMi
zdi-1: ZDI_STAT=ZhAMi
zdi-1: ZDI_STAT=ZhAMi
zdi-1: ZDI_STAT=ZhAMi
zdi-1: ZDI_STAT=ZhAMi
zdi-1: ZDI_STAT=ZhAMi
zdi-1: ZDI_STAT=ZhAMi
zdi-1: ZDI_STAT=ZhAMi
zdi-1: ZDI_STAT=ZhAMi
zdi-1: ZDI_STAT=ZhAMi
zdi-1: ZDI_STAT=ZhAMi
zdi-1: ZDI_STAT=ZhAMi
zdi-1: ZDI_STAT=ZhAMi
zdi-1: ZDI_STAT=ZhAMi
zdi-1: ZDI_STAT=ZhAMi
zdi-1: ZDI_STAT=ZhAMi
zdi-1: ZDI_STAT=ZhAMi
zdi-1: ZDI_STAT=ZhAMi
zdi-1: ZDI_STAT=ZhAMi
zdi-1: ZDI_STAT=ZhAMi
zdi-1: ZDI_STAT=ZhAMi
zdi-1: ZDI_STAT=ZhAMi
zdi-1: ZDI_STAT=ZhAMi
zdi-1: ZDI_STAT=ZhAMi
zdi-1: ZDI_STAT=ZhAMi
zdi-1: ZDI_STAT=ZhAMi
zdi-1: ZDI_STAT=ZhAMi
zdi-1: ZDI_STAT=ZhAMi
zdi-1: ZDI_STAT=ZhAMi
zdi-1: ZDI_STAT=ZhAMi
zdi-1: ZDI_STAT=ZhAMi
zdi-1: ZDI_STAT=ZhAMi
zdi-1: ZDI_STAT=ZhAMi
zdi-1: ZDI_STAT=ZhAMi
zdi-1: ZDI_STAT=ZhAMi
zdi-1: ZDI_STAT=ZhAMi
zdi-1: ZDI_STAT=ZhAMi
zdi-1: ZDI_STAT=ZhAMi
zdi-1: ZDI_STAT=ZhAMi
zdi-1: ZDI_STAT=ZhAMi
zdi-1: ZDI_STAT=ZhAMi
zdi-1: ZDI_STAT=ZhAMi
zdi-1: ZDI_STAT=ZhAMi
zdi-1: ZDI_STAT=ZhAMi
zdi-1: ZDI_STAT=ZhAMi
zdi-1: ZDI_STAT=ZhAMi
zdi-1: ZDI_STAT=ZhAMi
zdi-1: ZDI_STAT=ZhAMi
zdi-1: ZDI_STAT=ZhAMi
zdi-1: ZDI_STAT=ZhAMi
zdi-1: ZDI_STAT=ZhAMi
zdi-1: ZDI_STAT=ZhAMi
zdi-1: ZDI_STAT=ZhAMi
zdi-1: ZDI_STAT=ZhAMi
zdi-1: ZDI_STAT=ZhAMi
zdi-1: ZDI_STAT=ZhAMi
zdi-1: ZDI_STAT=ZhAMi
zdi-1: ZDI_STAT=ZhAMi
zdi-1: ZDI_STAT=ZhAMi
zdi-1: ZDI_STAT=ZhAMi
zdi-1: ZDI_STAT=ZhAMi
zdi-1: ZDI_STAT=ZhAMi
zdi-1: ZDI_STAT=ZhAMi
zdi-1: ZDI_STAT=ZhAMi
zdi-1: ZDI_STAT=ZhAMi
zdi-1: ZDI_STAT=ZhAMi
zdi-1: ZDI_STAT=ZhAMi
zdi-1: ZDI_STAT=ZhAMi
zdi-1: ZDI_STAT=ZhAMi
zdi-1: ZDI_STAT=ZhAMi
zdi-1: ZDI_STAT=ZhAMi
zdi-1: ZDI_STAT=ZhAMi
zdi-1: ZDI_STAT=ZhAMi
zdi-1: ZDI_STAT=ZhAMi
zdi-1: ZDI_STAT=ZhAMi
zdi-1: ZDI_STAT=ZhAMi
zdi-1: ZDI_STAT=ZhAMi
zdi-1: ZDI_STAT=ZhAMi
zdi-1: ZDI_STAT=ZhAMi
zdi-1: ZDI_STAT=ZhAMi
zdi-1: ZDI_STAT=ZhAMi
zdi-1: ZDI_STAT=ZhAMi
zdi-1: ZDI_STAT=ZhAMi
zdi-1: ZDI_STAT=ZhAMi
zdi-1: ZDI_STAT=ZhAMi
zdi-1: ZDI_STAT=ZhAMi
zdi-1: ZDI_STAT=ZhAMi
zdi-1: ZDI_STAT=ZhAMi
zdi-1: ZDI_STAT=ZhAMi
zdi-1: ZDI_STAT=ZhAMi
zdi-1: ZDI_STAT=ZhAMi
zdi-1: ZDI_STAT=ZhAMi
zdi-1: ZDI_STAT=ZhAMi
zdi-1: ZDI_STAT=ZhAMi
zdi-1: ZDI_STAT=ZhAMi
zdi-1: ZDI_STAT=ZhAMi
zdi-1: ZDI_STAT=ZhAMi
zdi-1: ZDI_STAT=ZhAMi
zdi-1: ZDI_STAT=ZhAMi
zdi-1: ZDI_STAT=ZhAMi
zdi-1: ZDI_STAT=ZhAMi
zdi-1: ZDI_STAT=ZhAMi
zdi-1: ZDI_STAT=ZhAMi
zdi-1: ZDI_STAT=ZhAMi
zdi-1: ZDI_STAT=ZhAMi
zdi-1: ZDI_STAT=ZhAMi
zdi-1: ZDI_STAT=ZhAMi
zdi-1: ZDI_STAT=ZhAMi
zdi-1: ZDI_STAT=ZhAMi
zdi-1: ZDI_STAT=ZhAMi
zdi-1: ZDI_STAT=ZhAMi
zdi-1: ZDI_STAT=ZhAMi
zdi-1: ZDI_STAT=ZhAMi
zdi-1: ZDI_STAT=ZhAMi
zdi-1: ZDI_STAT=ZhAMi
zdi-1: ZDI_STAT=ZhAMi
zdi-1: ZDI_STAT=ZhAMi
zdi-1: ZDI_STAT=ZhAMi
zdi-1: ZDI_STAT=ZhAMi
zdi-1: ZDI_STAT=ZhAMi
zdi-1: ZDI_STAT=ZhAMi
zdi-1: ZDI_STAT=ZhAMi
zdi-1: ZDI_STAT=ZhAMi
zdi-1: ZDI_STAT=ZhAMi
zdi-1: ZDI_STAT=ZhAMi
zdi-1: ZDI_STAT=ZhAMi
zdi-1: ZDI_STAT=ZhAMi
zdi-1: ZDI_STAT=ZhAMi
zdi-1: ZDI_STAT=ZhAMi
zdi-1: ZDI_STAT=ZhAMi
zdi-1: ZDI_STAT=ZhAMi
zdi-1: ZDI_STAT=ZhAMi
zdi-1: ZDI_STAT=ZhAMi
zdi-1: ZDI_STAT=ZhAMi
zdi-1: ZDI_STAT=ZhAMi
zdi-1: ZDI_STAT=ZhAMi
zdi-1: ZDI_STAT=ZhAMi
zdi-1: ZDI_STAT=ZhAMi
zdi-1: ZDI_STAT=ZhAMi
zdi-1: ZDI_STAT=ZhAMi
zdi-1: ZDI_STAT=ZhAMi
zdi-1: ZDI_STAT=ZhAMi
zdi-1: ZDI_STAT=ZhAMi
zdi-1: ZDI_STAT=ZhAMi
zdi-1: ZDI_STAT=ZhAMi
zdi-1: ZDI_STAT=ZhAMi
zdi-1: ZDI_STAT=ZhAMi
zdi-1: ZDI_STAT=ZhAMi
zdi-1: ZDI_STAT=ZhAMi
zdi-1: ZDI_STAT=ZhAMi
zdi-1: ZDI_STAT=ZhAMi
zdi-1: ZDI_STAT=ZhAMi
zdi-1: ZDI_STAT=ZhAMi
zdi-1: ZDI_STAT=ZhAMi
zdi-1: ZDI_STAT=ZhAMi
zdi-1: ZDI_STAT=ZhAMi
zdi-1: ZDI_STAT=ZhAMi
zdi-1: ZDI_STAT=ZhAMi
zdi-1: ZDI_STAT=ZhAMi
zdi-1: ZDI_STAT=ZhAMi
zdi-1: ZDI_STAT=ZhAMi
zdi-1: ZDI_STAT=ZhAMi
zdi-1: ZDI_STAT=ZhAMi
zdi-1: ZDI_STAT=ZhAMi
zdi-1: ZDI_STAT=ZhAMi
zdi-1: ZDI_STAT=ZhAMi
zdi-1: ZDI_STAT=ZhAMi
zdi-1: ZDI_STAT=ZhAMi
zdi-1: ZDI_STAT=ZhAMi
zdi-1: ZDI_STAT=ZhAMi
zdi-1: ZDI_STAT=ZhAMi
zdi-1: ZDI_STAT=ZhAMi
zdi-1: ZDI_STAT=ZhAMi
zdi-1: ZDI_STAT=ZhAMi
zdi-1: ZDI_STAT=ZhAMi
## CONTINUE #####################################
zdi-1: ZDI_RW_CTL:Set ADL
zdi-1: ZDI_RW_CTL:Read PC
zdi-1: ZDI_RD_L=0xcc
zdi-1: ZDI_RD_H=0x4
zdi-1: ZDI_RD_U=0x0
zdi-1: ZDI_RW_CTL:Set ADL
zdi-1: ZDI_BRK_CTL=B1S
zdi-1: ZDI_STAT=zhAMI
zdi-1: ZDI_STAT=zhAMI
zdi-1: ZDI_STAT=zhAMI
zdi-1: ZDI_STAT=zhAMI
zdi-1: ZDI_STAT=zhAMI
zdi-1: ZDI_STAT=zhAMI
zdi-1: ZDI_STAT=zhAMI
zdi-1: ZDI_STAT=zhAMI
zdi-1: ZDI_STAT=zhAMI
zdi-1: ZDI_STAT=zhAMI
zdi-1: ZDI_STAT=zhAMI
zdi-1: ZDI_STAT=zhAMI
zdi-1: ZDI_STAT=zhAMI
zdi-1: ZDI_STAT=zhAMI
zdi-1: ZDI_STAT=zhAMI
zdi-1: ZDI_STAT=zhAMI
zdi-1: ZDI_STAT=zhAMI
zdi-1: ZDI_STAT=zhAMI
zdi-1: ZDI_STAT=zhAMI
zdi-1: ZDI_STAT=zhAMI
zdi-1: ZDI_STAT=zhAMI
zdi-1: ZDI_STAT=zhAMI
zdi-1: ZDI_STAT=zhAMI
zdi-1: ZDI_STAT=zhAMI
zdi-1: ZDI_STAT=zhAMI
zdi-1: ZDI_STAT=zhAMI
zdi-1: ZDI_STAT=zhAMI
zdi-1: ZDI_STAT=zhAMI
zdi-1: ZDI_STAT=zhAMI
zdi-1: ZDI_STAT=zhAMI
zdi-1: ZDI_STAT=zhAMI
zdi-1: ZDI_STAT=zhAMI
zdi-1: ZDI_STAT=zhAMI
zdi-1: ZDI_STAT=zhAMI
zdi-1: ZDI_STAT=zhAMI
zdi-1: ZDI_STAT=zhAMI
zdi-1: ZDI_STAT=zhAMI
zdi-1: ZDI_STAT=zhAMI
zdi-1: ZDI_STAT=zhAMI
zdi-1: ZDI_STAT=zhAMI
zdi-1: ZDI_STAT=zhAMI
zdi-1: ZDI_STAT=zhAMI
zdi-1: ZDI_STAT=zhAMI
zdi-1: ZDI_STAT=zhAMI
zdi-1: ZDI_STAT=zhAMI
zdi-1: ZDI_STAT=zhAMI
zdi-1: ZDI_STAT=zhAMI
zdi-1: ZDI_STAT=zhAMI
zdi-1: ZDI_STAT=zhAMI
zdi-1: ZDI_STAT=zhAMI
zdi-1: ZDI_STAT=zhAMI
zdi-1: ZDI_STAT=zhAMI
zdi-1: ZDI_STAT=zhAMI
zdi-1: ZDI_STAT=zhAMI
zdi-1: ZDI_STAT=zhAMI
zdi-1: ZDI_STAT=zhAMI
zdi-1: ZDI_STAT=zhAMI
zdi-1: ZDI_STAT=zhAMI
zdi-1: ZDI_STAT=zhAMI
zdi-1: ZDI_STAT=zhAMI
zdi-1: ZDI_STAT=zhAMI
zdi-1: ZDI_STAT=zhAMI
zdi-1: ZDI_STAT=zhAMI
zdi-1: ZDI_STAT=zhAMI
zdi-1: ZDI_STAT=zhAMI
zdi-1: ZDI_STAT=zhAMI
zdi-1: ZDI_STAT=zhAMI
zdi-1: ZDI_STAT=zhAMI
zdi-1: ZDI_STAT=zhAMI
zdi-1: ZDI_STAT=zhAMI
zdi-1: ZDI_STAT=zhAMI
zdi-1: ZDI_STAT=zhAMI
zdi-1: ZDI_STAT=zhAMI
zdi-1: ZDI_STAT=zhAMI
zdi-1: ZDI_STAT=zhAMI
zdi-1: ZDI_STAT=zhAMI
zdi-1: ZDI_STAT=zhAMI
zdi-1: ZDI_STAT=zhAMI
zdi-1: ZDI_STAT=zhAMI
zdi-1: ZDI_STAT=zhAMI
zdi-1: ZDI_STAT=zhAMI
zdi-1: ZDI_STAT=zhAMI
zdi-1: ZDI_STAT=zhAMI
zdi-1: ZDI_STAT=zhAMI
zdi-1: ZDI_STAT=zhAMI
zdi-1: ZDI_STAT=zhAMI
zdi-1: ZDI_STAT=zhAMI
zdi-1: ZDI_STAT=zhAMI
zdi-1: ZDI_STAT=zhAMI
zdi-1: ZDI_STAT=zhAMI
zdi-1: ZDI_STAT=zhAMI
zdi-1: ZDI_STAT=zhAMI
zdi-1: ZDI_STAT=zhAMI
zdi-1: ZDI_STAT=zhAMI
zdi-1: ZDI_STAT=zhAMI
zdi-1: ZDI_STAT=zhAMI
zdi-1: ZDI_STAT=zhAMI
zdi-1: ZDI_STAT=zhAMI
zdi-1: ZDI_STAT=zhAMI
zdi-1: ZDI_STAT=zhAMI
zdi-1: ZDI_STAT=zhAMI
zdi-1: ZDI_STAT=zhAMI
zdi-1: ZDI_STAT=zhAMI
zdi-1: ZDI_STAT=zhAMI
zdi-1: ZDI_STAT=zhAMI
zdi-1: ZDI_STAT=zhAMI
zdi-1: ZDI_STAT=zhAMI
zdi-1: ZDI_STAT=zhAMI
zdi-1: ZDI_STAT=zhAMI
zdi-1: ZDI_STAT=zhAMI
zdi-1: ZDI_STAT=zhAMI
zdi-1: ZDI_STAT=zhAMI
zdi-1: ZDI_STAT=zhAMI
zdi-1: ZDI_STAT=zhAMI
zdi-1: ZDI_STAT=zhAMI
zdi-1: ZDI_STAT=zhAMI
zdi-1: ZDI_STAT=zhAMI
zdi-1: ZDI_STAT=zhAMI
zdi-1: ZDI_STAT=zhAMI
zdi-1: ZDI_STAT=zhAMI
zdi-1: ZDI_STAT=zhAMI
zdi-1: ZDI_STAT=zhAMI
zdi-1: ZDI_STAT=zhAMI
zdi-1: ZDI_STAT=zhAMI
zdi-1: ZDI_STAT=zhAMI
zdi-1: ZDI_STAT=zhAMI
zdi-1: ZDI_STAT=zhAMI
zdi-1: ZDI_STAT=zhAMI
zdi-1: ZDI_STAT=zhAMI
zdi-1: ZDI_STAT=zhAMI
zdi-1: ZDI_STAT=zhAMI
zdi-1: ZDI_STAT=zhAMI
zdi-1: ZDI_STAT=zhAMI
zdi-1: ZDI_STAT=zhAMI
zdi-1: ZDI_STAT=zhAMI
zdi-1: ZDI_STAT=zhAMI
zdi-1: ZDI_STAT=zhAMI
zdi-1: ZDI_STAT=zhAMI
zdi-1: ZDI_STAT=zhAMI
zdi-1: ZDI_STAT=zhAMI
zdi-1: ZDI_STAT=zhAMI
zdi-1: ZDI_STAT=zhAMI
zdi-1: ZDI_STAT=zhAMI
zdi-1: ZDI_STAT=zhAMI
zdi-1: ZDI_STAT=zhAMI
zdi-1: ZDI_STAT=zhAMI
zdi-1: ZDI_STAT=zhAMI
zdi-1: ZDI_STAT=zhAMI
zdi-1: ZDI_STAT=zhAMI
zdi-1: ZDI_STAT=zhAMI
zdi-1: ZDI_STAT=zhAMI
zdi-1: ZDI_STAT=zhAMI
zdi-1: ZDI_STAT=zhAMI
zdi-1: ZDI_STAT=zhAMI
zdi-1: ZDI_STAT=zhAMI
zdi-1: ZDI_STAT=zhAMI
zdi-1: ZDI_STAT=zhAMI
zdi-1: ZDI_STAT=zhAMI
zdi-1: ZDI_STAT=zhAMI
zdi-1: ZDI_STAT=zhAMI
zdi-1: ZDI_STAT=zhAMI
zdi-1: ZDI_STAT=zhAMI
zdi-1: ZDI_STAT=zhAMI
zdi-1: ZDI_STAT=zhAMI
zdi-1: ZDI_STAT=zhAMI
zdi-1: ZDI_STAT=zhAMI
zdi-1: ZDI_STAT=zhAMI
zdi-1: ZDI_STAT=zhAMI
zdi-1: ZDI_STAT=zhAMI
zdi-1: ZDI_STAT=zhAMI
zdi-1: ZDI_STAT=zhAMI
zdi-1: ZDI_STAT=zhAMI
zdi-1: ZDI_STAT=zhAMI
zdi-1: ZDI_STAT=zhAMI
zdi-1: ZDI_STAT=zhAMI
zdi-1: ZDI_STAT=zhAMI
zdi-1: ZDI_STAT=zhAMI
zdi-1: ZDI_STAT=zhAMI
zdi-1: ZDI_STAT=zhAMI
zdi-1: ZDI_STAT=zhAMI
zdi-1: ZDI_STAT=zhAMI
zdi-1: ZDI_STAT=zhAMI
zdi-1: ZDI_STAT=zhAMI
zdi-1: ZDI_STAT=zhAMI
zdi-1: ZDI_STAT=zhAMI
zdi-1: ZDI_STAT=zhAMI
zdi-1: ZDI_STAT=zhAMI
zdi-1: ZDI_STAT=zhAMI
zdi-1: ZDI_STAT=zhAMI
zdi-1: ZDI_STAT=zhAMI
zdi-1: ZDI_STAT=zhAMI
zdi-1: ZDI_STAT=zhAMI
zdi-1: ZDI_STAT=zhAMI
zdi-1: ZDI_STAT=zhAMI
zdi-1: ZDI_STAT=zhAMI
zdi-1: ZDI_STAT=zhAMI
zdi-1: ZDI_STAT=zhAMI
zdi-1: ZDI_STAT=zhAMI
zdi-1: ZDI_STAT=zhAMI
zdi-1: ZDI_STAT=zhAMI
zdi-1: ZDI_STAT=zhAMI
zdi-1: ZDI_STAT=zhAMI
zdi-1: ZDI_STAT=zhAMI
zdi-1: ZDI_STAT=zhAMI
zdi-1: ZDI_STAT=zhAMI
zdi-1: ZDI_STAT=zhAMI
zdi-1: ZDI_STAT=zhAMI
zdi-1: ZDI_STAT=zhAMI
zdi-1: ZDI_STAT=zhAMI
zdi-1: ZDI_STAT=zhAMI
zdi-1: ZDI_STAT=zhAMI
zdi-1: ZDI_STAT=zhAMI
zdi-1: ZDI_STAT=zhAMI
zdi-1: ZDI_STAT=zhAMI
zdi-1: ZDI_STAT=zhAMI
zdi-1: ZDI_STAT=zhAMI
zdi-1: ZDI_STAT=zhAMI
zdi-1: ZDI_STAT=zhAMI
zdi-1: ZDI_STAT=zhAMI
zdi-1: ZDI_STAT=zhAMI
zdi-1: ZDI_STAT=zhAMI
zdi-1: ZDI_STAT=zhAMI
zdi-1: ZDI_STAT=zhAMI
zdi-1: ZDI_STAT=zhAMI
zdi-1: ZDI_STAT=zhAMI
